running egg_info
writing ../../build/rms_package/rms_package.egg-info/PKG-INFO
writing dependency_links to ../../build/rms_package/rms_package.egg-info/dependency_links.txt
writing entry points to ../../build/rms_package/rms_package.egg-info/entry_points.txt
writing requirements to ../../build/rms_package/rms_package.egg-info/requires.txt
writing top-level names to ../../build/rms_package/rms_package.egg-info/top_level.txt
reading manifest file '../../build/rms_package/rms_package.egg-info/SOURCES.txt'
writing manifest file '../../build/rms_package/rms_package.egg-info/SOURCES.txt'
running build
running build_py
running install
running install_lib
running install_data
copying config/sensors_list.yaml -> /home/marcel/studies/2_sem_mgr/RPE_lab/EX5/ros2_ws/install/rms_package/share/rms_package/config
running install_egg_info
removing '/home/marcel/studies/2_sem_mgr/RPE_lab/EX5/ros2_ws/install/rms_package/lib/python3.10/site-packages/rms_package-0.0.0-py3.10.egg-info' (and everything under it)
Copying ../../build/rms_package/rms_package.egg-info to /home/marcel/studies/2_sem_mgr/RPE_lab/EX5/ros2_ws/install/rms_package/lib/python3.10/site-packages/rms_package-0.0.0-py3.10.egg-info
running install_scripts
Installing camera_handler script to /home/marcel/studies/2_sem_mgr/RPE_lab/EX5/ros2_ws/install/rms_package/lib/rms_package
Installing lidar_handler script to /home/marcel/studies/2_sem_mgr/RPE_lab/EX5/ros2_ws/install/rms_package/lib/rms_package
Installing robot_state_monitor script to /home/marcel/studies/2_sem_mgr/RPE_lab/EX5/ros2_ws/install/rms_package/lib/rms_package
Installing sensor_error_handler script to /home/marcel/studies/2_sem_mgr/RPE_lab/EX5/ros2_ws/install/rms_package/lib/rms_package
writing list of installed files to '/home/marcel/studies/2_sem_mgr/RPE_lab/EX5/ros2_ws/build/rms_package/install.log'
