[0.324s] Invoking command in '/home/marcel/studies/2_sem_mgr/RPE_lab/EX5/ros2_ws/src/rms_package': PYTHONPATH=/home/marcel/studies/2_sem_mgr/RPE_lab/EX5/ros2_ws/build/rms_package/prefix_override:/usr/lib/python3/dist-packages/colcon_core/task/python/colcon_distutils_commands:/home/marcel/studies/2_sem_mgr/RPE_lab/EX5/ros2_ws/install/rms_package/lib/python3.10/site-packages:${PYTHONPATH} /usr/bin/python3 -W ignore:setup.py install is deprecated setup.py egg_info --egg-base ../../build/rms_package build --build-base /home/marcel/studies/2_sem_mgr/RPE_lab/EX5/ros2_ws/build/rms_package/build install --record /home/marcel/studies/2_sem_mgr/RPE_lab/EX5/ros2_ws/build/rms_package/install.log --single-version-externally-managed install_data
[0.442s] running egg_info
[0.442s] writing ../../build/rms_package/rms_package.egg-info/PKG-INFO
[0.443s] writing dependency_links to ../../build/rms_package/rms_package.egg-info/dependency_links.txt
[0.443s] writing entry points to ../../build/rms_package/rms_package.egg-info/entry_points.txt
[0.443s] writing requirements to ../../build/rms_package/rms_package.egg-info/requires.txt
[0.443s] writing top-level names to ../../build/rms_package/rms_package.egg-info/top_level.txt
[0.444s] reading manifest file '../../build/rms_package/rms_package.egg-info/SOURCES.txt'
[0.449s] writing manifest file '../../build/rms_package/rms_package.egg-info/SOURCES.txt'
[0.449s] running build
[0.449s] running build_py
[0.449s] copying rms_package/lidar_script.py -> /home/marcel/studies/2_sem_mgr/RPE_lab/EX5/ros2_ws/build/rms_package/build/lib/rms_package
[0.449s] running install
[0.450s] running install_lib
[0.450s] copying /home/marcel/studies/2_sem_mgr/RPE_lab/EX5/ros2_ws/build/rms_package/build/lib/rms_package/lidar_script.py -> /home/marcel/studies/2_sem_mgr/RPE_lab/EX5/ros2_ws/install/rms_package/lib/python3.10/site-packages/rms_package
[0.450s] byte-compiling /home/marcel/studies/2_sem_mgr/RPE_lab/EX5/ros2_ws/install/rms_package/lib/python3.10/site-packages/rms_package/lidar_script.py to lidar_script.cpython-310.pyc
[0.451s] running install_data
[0.451s] creating /home/marcel/studies/2_sem_mgr/RPE_lab/EX5/ros2_ws/install/rms_package/share/rms_package/launch
[0.451s] copying launch/rms_package_launch.py -> /home/marcel/studies/2_sem_mgr/RPE_lab/EX5/ros2_ws/install/rms_package/share/rms_package/launch
[0.451s] creating /home/marcel/studies/2_sem_mgr/RPE_lab/EX5/ros2_ws/install/rms_package/share/rms_package/config
[0.451s] copying config/lidar_params.yaml -> /home/marcel/studies/2_sem_mgr/RPE_lab/EX5/ros2_ws/install/rms_package/share/rms_package/config
[0.451s] copying config/camera_params.yaml -> /home/marcel/studies/2_sem_mgr/RPE_lab/EX5/ros2_ws/install/rms_package/share/rms_package/config
[0.451s] running install_egg_info
[0.452s] removing '/home/marcel/studies/2_sem_mgr/RPE_lab/EX5/ros2_ws/install/rms_package/lib/python3.10/site-packages/rms_package-0.0.0-py3.10.egg-info' (and everything under it)
[0.452s] Copying ../../build/rms_package/rms_package.egg-info to /home/marcel/studies/2_sem_mgr/RPE_lab/EX5/ros2_ws/install/rms_package/lib/python3.10/site-packages/rms_package-0.0.0-py3.10.egg-info
[0.453s] running install_scripts
[0.464s] Installing camera_handler script to /home/marcel/studies/2_sem_mgr/RPE_lab/EX5/ros2_ws/install/rms_package/lib/rms_package
[0.464s] Installing lidar_handler script to /home/marcel/studies/2_sem_mgr/RPE_lab/EX5/ros2_ws/install/rms_package/lib/rms_package
[0.464s] Installing robot_state_monitor script to /home/marcel/studies/2_sem_mgr/RPE_lab/EX5/ros2_ws/install/rms_package/lib/rms_package
[0.465s] writing list of installed files to '/home/marcel/studies/2_sem_mgr/RPE_lab/EX5/ros2_ws/build/rms_package/install.log'
[0.475s] Invoked command in '/home/marcel/studies/2_sem_mgr/RPE_lab/EX5/ros2_ws/src/rms_package' returned '0': PYTHONPATH=/home/marcel/studies/2_sem_mgr/RPE_lab/EX5/ros2_ws/build/rms_package/prefix_override:/usr/lib/python3/dist-packages/colcon_core/task/python/colcon_distutils_commands:/home/marcel/studies/2_sem_mgr/RPE_lab/EX5/ros2_ws/install/rms_package/lib/python3.10/site-packages:${PYTHONPATH} /usr/bin/python3 -W ignore:setup.py install is deprecated setup.py egg_info --egg-base ../../build/rms_package build --build-base /home/marcel/studies/2_sem_mgr/RPE_lab/EX5/ros2_ws/build/rms_package/build install --record /home/marcel/studies/2_sem_mgr/RPE_lab/EX5/ros2_ws/build/rms_package/install.log --single-version-externally-managed install_data
