[0.011s] Invoking command in '/home/marcel/studies/2_sem_mgr/RPE_lab/EX5/ros2_ws/build/rms_interfaces': CMAKE_PREFIX_PATH=${CMAKE_PREFIX_PATH}:/home/marcel/studies/2_sem_mgr/RPE_lab/EX5/ros2_ws/install/rms_package:/home/marcel/studies/2_sem_mgr/RPE_lab/EX4/ros2_ws/install/signalPackage:/home/marcel/ros2_ws/install/my_robot_controller:/opt/ros/humble /usr/bin/cmake --build /home/marcel/studies/2_sem_mgr/RPE_lab/EX5/ros2_ws/build/rms_interfaces -- -j16 -l16
[0.037s] -- Found ament_cmake: 1.3.10 (/opt/ros/humble/share/ament_cmake/cmake)
[0.119s] -- Found rosidl_default_generators: 1.2.0 (/opt/ros/humble/share/rosidl_default_generators/cmake)
[0.121s] -- Using all available rosidl_typesupport_c: rosidl_typesupport_fastrtps_c;rosidl_typesupport_introspection_c
[0.123s] -- Found rosidl_adapter: 3.1.5 (/opt/ros/humble/share/rosidl_adapter/cmake)
[0.145s] -- Using all available rosidl_typesupport_cpp: rosidl_typesupport_fastrtps_cpp;rosidl_typesupport_introspection_cpp
[0.312s] -- Found ament_cmake_ros: 0.10.0 (/opt/ros/humble/share/ament_cmake_ros/cmake)
[0.422s] -- Using all available rosidl_typesupport_c: rosidl_typesupport_fastrtps_c;rosidl_typesupport_introspection_c
[0.559s] -- Using all available rosidl_typesupport_cpp: rosidl_typesupport_fastrtps_cpp;rosidl_typesupport_introspection_cpp
[0.572s] -- Found python_cmake_module: 0.10.0 (/opt/ros/humble/share/python_cmake_module/cmake)
[0.586s] -- Using PYTHON_EXECUTABLE: /usr/bin/python3
[0.586s] -- Using PYTHON_INCLUDE_DIRS: /usr/include/python3.10
[0.586s] -- Using PYTHON_LIBRARIES: /usr/lib/x86_64-linux-gnu/libpython3.10.so
[0.600s] -- Configuring done
[0.624s] -- Generating done
[0.626s] -- Build files have been written to: /home/marcel/studies/2_sem_mgr/RPE_lab/EX5/ros2_ws/build/rms_interfaces
[0.641s] [  2%] [34m[1mGenerating C code for ROS interfaces[0m
[0.646s] [  5%] [34m[1mGenerating C++ code for ROS interfaces[0m
[0.653s] [  5%] Built target ament_cmake_python_copy_rms_interfaces
[0.767s] running egg_info
[0.767s] writing rms_interfaces.egg-info/PKG-INFO
[0.767s] writing dependency_links to rms_interfaces.egg-info/dependency_links.txt
[0.767s] writing top-level names to rms_interfaces.egg-info/top_level.txt
[0.768s] reading manifest file 'rms_interfaces.egg-info/SOURCES.txt'
[0.769s] writing manifest file 'rms_interfaces.egg-info/SOURCES.txt'
[0.782s] [  5%] Built target ament_cmake_python_build_rms_interfaces_egg
[0.801s] [  5%] Built target rms_interfaces__cpp
[0.802s] [35m[1mConsolidate compiler generated dependencies of target rms_interfaces__rosidl_generator_c[0m
[0.806s] [  7%] [34m[1mGenerating C++ type support dispatch for ROS interfaces[0m
[0.806s] [ 10%] [34m[1mGenerating C++ type support for eProsima Fast-RTPS[0m
[0.806s] [ 12%] [34m[1mGenerating C++ introspection for ROS interfaces[0m
[0.808s] [ 15%] [32mBuilding C object CMakeFiles/rms_interfaces__rosidl_generator_c.dir/rosidl_generator_c/rms_interfaces/srv/detail/component_error__functions.c.o[0m
[0.808s] [ 17%] [32mBuilding C object CMakeFiles/rms_interfaces__rosidl_generator_c.dir/rosidl_generator_c/rms_interfaces/msg/detail/sensor_state__functions.c.o[0m
[0.854s] [ 20%] [32m[1mLinking C shared library librms_interfaces__rosidl_generator_c.so[0m
[0.879s] [ 20%] Built target rms_interfaces__rosidl_generator_c
[0.885s] [ 23%] [34m[1mGenerating C type support for eProsima Fast-RTPS[0m
[0.885s] [ 25%] [34m[1mGenerating C introspection for ROS interfaces[0m
[0.885s] [ 28%] [34m[1mGenerating C type support dispatch for ROS interfaces[0m
[0.930s] [35m[1mConsolidate compiler generated dependencies of target rms_interfaces__rosidl_typesupport_cpp[0m
[0.938s] [ 30%] [32mBuilding CXX object CMakeFiles/rms_interfaces__rosidl_typesupport_cpp.dir/rosidl_typesupport_cpp/rms_interfaces/srv/component_error__type_support.cpp.o[0m
[0.939s] [ 33%] [32mBuilding CXX object CMakeFiles/rms_interfaces__rosidl_typesupport_cpp.dir/rosidl_typesupport_cpp/rms_interfaces/msg/sensor_state__type_support.cpp.o[0m
[0.941s] [35m[1mConsolidate compiler generated dependencies of target rms_interfaces__rosidl_typesupport_introspection_cpp[0m
[0.949s] [ 35%] [32mBuilding CXX object CMakeFiles/rms_interfaces__rosidl_typesupport_introspection_cpp.dir/rosidl_typesupport_introspection_cpp/rms_interfaces/srv/detail/component_error__type_support.cpp.o[0m
[0.949s] [ 38%] [32mBuilding CXX object CMakeFiles/rms_interfaces__rosidl_typesupport_introspection_cpp.dir/rosidl_typesupport_introspection_cpp/rms_interfaces/msg/detail/sensor_state__type_support.cpp.o[0m
[0.954s] [35m[1mConsolidate compiler generated dependencies of target rms_interfaces__rosidl_typesupport_fastrtps_cpp[0m
[0.963s] [ 41%] [32mBuilding CXX object CMakeFiles/rms_interfaces__rosidl_typesupport_fastrtps_cpp.dir/rosidl_typesupport_fastrtps_cpp/rms_interfaces/srv/detail/dds_fastrtps/component_error__type_support.cpp.o[0m
[0.963s] [ 43%] [32mBuilding CXX object CMakeFiles/rms_interfaces__rosidl_typesupport_fastrtps_cpp.dir/rosidl_typesupport_fastrtps_cpp/rms_interfaces/msg/detail/dds_fastrtps/sensor_state__type_support.cpp.o[0m
[1.017s] [35m[1mConsolidate compiler generated dependencies of target rms_interfaces__rosidl_typesupport_c[0m
[1.024s] [ 46%] [32mBuilding CXX object CMakeFiles/rms_interfaces__rosidl_typesupport_c.dir/rosidl_typesupport_c/rms_interfaces/srv/component_error__type_support.cpp.o[0m
[1.026s] [ 48%] [32mBuilding CXX object CMakeFiles/rms_interfaces__rosidl_typesupport_c.dir/rosidl_typesupport_c/rms_interfaces/msg/sensor_state__type_support.cpp.o[0m
[1.037s] [35m[1mConsolidate compiler generated dependencies of target rms_interfaces__rosidl_typesupport_fastrtps_c[0m
[1.039s] [35m[1mConsolidate compiler generated dependencies of target rms_interfaces__rosidl_typesupport_introspection_c[0m
[1.045s] [ 51%] [32mBuilding C object CMakeFiles/rms_interfaces__rosidl_typesupport_introspection_c.dir/rosidl_typesupport_introspection_c/rms_interfaces/srv/detail/component_error__type_support.c.o[0m
[1.046s] [ 53%] [32mBuilding CXX object CMakeFiles/rms_interfaces__rosidl_typesupport_fastrtps_c.dir/rosidl_typesupport_fastrtps_c/rms_interfaces/msg/detail/sensor_state__type_support_c.cpp.o[0m
[1.047s] [ 58%] [32mBuilding CXX object CMakeFiles/rms_interfaces__rosidl_typesupport_fastrtps_c.dir/rosidl_typesupport_fastrtps_c/rms_interfaces/srv/detail/component_error__type_support_c.cpp.o[0m
[1.047s] [ 58%] [32mBuilding C object CMakeFiles/rms_interfaces__rosidl_typesupport_introspection_c.dir/rosidl_typesupport_introspection_c/rms_interfaces/msg/detail/sensor_state__type_support.c.o[0m
[1.050s] [ 61%] [32m[1mLinking CXX shared library librms_interfaces__rosidl_typesupport_c.so[0m
[1.072s] [ 64%] [32m[1mLinking C shared library librms_interfaces__rosidl_typesupport_introspection_c.so[0m
[1.085s] [ 64%] Built target rms_interfaces__rosidl_typesupport_c
[1.090s] [ 64%] Built target rms_interfaces__rosidl_typesupport_introspection_c
[1.143s] [ 66%] [32m[1mLinking CXX shared library librms_interfaces__rosidl_typesupport_cpp.so[0m
[1.168s] [ 66%] Built target rms_interfaces__rosidl_typesupport_cpp
[1.198s] [ 69%] [32m[1mLinking CXX shared library librms_interfaces__rosidl_typesupport_introspection_cpp.so[0m
[1.224s] [ 71%] [32m[1mLinking CXX shared library librms_interfaces__rosidl_typesupport_fastrtps_cpp.so[0m
[1.229s] [ 74%] [32m[1mLinking CXX shared library librms_interfaces__rosidl_typesupport_fastrtps_c.so[0m
[1.234s] [ 74%] Built target rms_interfaces__rosidl_typesupport_introspection_cpp
[1.263s] [ 74%] Built target rms_interfaces__rosidl_typesupport_fastrtps_cpp
[1.269s] [ 74%] Built target rms_interfaces__rosidl_typesupport_fastrtps_c
[1.281s] [ 74%] Built target rms_interfaces
[1.293s] [ 76%] [34m[1mGenerating Python code for ROS interfaces[0m
[1.505s] [ 76%] Built target rms_interfaces__py
[1.511s] [35m[1mConsolidate compiler generated dependencies of target rms_interfaces__rosidl_generator_py[0m
[1.519s] [ 79%] [32mBuilding C object CMakeFiles/rms_interfaces__rosidl_generator_py.dir/rosidl_generator_py/rms_interfaces/srv/_component_error_s.c.o[0m
[1.519s] [ 82%] [32mBuilding C object CMakeFiles/rms_interfaces__rosidl_generator_py.dir/rosidl_generator_py/rms_interfaces/msg/_sensor_state_s.c.o[0m
[1.588s] [ 84%] [32m[1mLinking C shared library rosidl_generator_py/rms_interfaces/librms_interfaces__rosidl_generator_py.so[0m
[1.613s] [ 84%] Built target rms_interfaces__rosidl_generator_py
[1.619s] [35m[1mConsolidate compiler generated dependencies of target rms_interfaces__rosidl_typesupport_fastrtps_c__pyext[0m
[1.619s] [35m[1mConsolidate compiler generated dependencies of target rms_interfaces__rosidl_typesupport_c__pyext[0m
[1.619s] [35m[1mConsolidate compiler generated dependencies of target rms_interfaces__rosidl_typesupport_introspection_c__pyext[0m
[1.626s] [ 87%] [32mBuilding C object CMakeFiles/rms_interfaces__rosidl_typesupport_fastrtps_c__pyext.dir/rosidl_generator_py/rms_interfaces/_rms_interfaces_s.ep.rosidl_typesupport_fastrtps_c.c.o[0m
[1.626s] [ 89%] [32mBuilding C object CMakeFiles/rms_interfaces__rosidl_typesupport_c__pyext.dir/rosidl_generator_py/rms_interfaces/_rms_interfaces_s.ep.rosidl_typesupport_c.c.o[0m
[1.626s] [ 92%] [32mBuilding C object CMakeFiles/rms_interfaces__rosidl_typesupport_introspection_c__pyext.dir/rosidl_generator_py/rms_interfaces/_rms_interfaces_s.ep.rosidl_typesupport_introspection_c.c.o[0m
[1.680s] [ 97%] [32m[1mLinking C shared library rosidl_generator_py/rms_interfaces/rms_interfaces_s__rosidl_typesupport_introspection_c.cpython-310-x86_64-linux-gnu.so[0m
[1.680s] [ 97%] [32m[1mLinking C shared library rosidl_generator_py/rms_interfaces/rms_interfaces_s__rosidl_typesupport_c.cpython-310-x86_64-linux-gnu.so[0m
[1.682s] [100%] [32m[1mLinking C shared library rosidl_generator_py/rms_interfaces/rms_interfaces_s__rosidl_typesupport_fastrtps_c.cpython-310-x86_64-linux-gnu.so[0m
[1.699s] [100%] Built target rms_interfaces__rosidl_typesupport_c__pyext
[1.699s] [100%] Built target rms_interfaces__rosidl_typesupport_introspection_c__pyext
[1.702s] [100%] Built target rms_interfaces__rosidl_typesupport_fastrtps_c__pyext
[1.709s] Invoked command in '/home/marcel/studies/2_sem_mgr/RPE_lab/EX5/ros2_ws/build/rms_interfaces' returned '0': CMAKE_PREFIX_PATH=${CMAKE_PREFIX_PATH}:/home/marcel/studies/2_sem_mgr/RPE_lab/EX5/ros2_ws/install/rms_package:/home/marcel/studies/2_sem_mgr/RPE_lab/EX4/ros2_ws/install/signalPackage:/home/marcel/ros2_ws/install/my_robot_controller:/opt/ros/humble /usr/bin/cmake --build /home/marcel/studies/2_sem_mgr/RPE_lab/EX5/ros2_ws/build/rms_interfaces -- -j16 -l16
[1.763s] Invoking command in '/home/marcel/studies/2_sem_mgr/RPE_lab/EX5/ros2_ws/build/rms_interfaces': CMAKE_PREFIX_PATH=${CMAKE_PREFIX_PATH}:/home/marcel/studies/2_sem_mgr/RPE_lab/EX5/ros2_ws/install/rms_package:/home/marcel/studies/2_sem_mgr/RPE_lab/EX4/ros2_ws/install/signalPackage:/home/marcel/ros2_ws/install/my_robot_controller:/opt/ros/humble /usr/bin/cmake --install /home/marcel/studies/2_sem_mgr/RPE_lab/EX5/ros2_ws/build/rms_interfaces
[1.767s] -- Install configuration: ""
[1.767s] -- Installing: /home/marcel/studies/2_sem_mgr/RPE_lab/EX5/ros2_ws/install/rms_interfaces/share/ament_index/resource_index/rosidl_interfaces/rms_interfaces
[1.768s] -- Up-to-date: /home/marcel/studies/2_sem_mgr/RPE_lab/EX5/ros2_ws/install/rms_interfaces/include/rms_interfaces/rms_interfaces
[1.768s] -- Up-to-date: /home/marcel/studies/2_sem_mgr/RPE_lab/EX5/ros2_ws/install/rms_interfaces/include/rms_interfaces/rms_interfaces/msg
[1.768s] -- Installing: /home/marcel/studies/2_sem_mgr/RPE_lab/EX5/ros2_ws/install/rms_interfaces/include/rms_interfaces/rms_interfaces/msg/detail
[1.768s] -- Installing: /home/marcel/studies/2_sem_mgr/RPE_lab/EX5/ros2_ws/install/rms_interfaces/include/rms_interfaces/rms_interfaces/msg/detail/sensor_state__functions.c
[1.768s] -- Installing: /home/marcel/studies/2_sem_mgr/RPE_lab/EX5/ros2_ws/install/rms_interfaces/include/rms_interfaces/rms_interfaces/msg/detail/sensor_state__struct.h
[1.768s] -- Installing: /home/marcel/studies/2_sem_mgr/RPE_lab/EX5/ros2_ws/install/rms_interfaces/include/rms_interfaces/rms_interfaces/msg/detail/sensor_state__type_support.h
[1.768s] -- Installing: /home/marcel/studies/2_sem_mgr/RPE_lab/EX5/ros2_ws/install/rms_interfaces/include/rms_interfaces/rms_interfaces/msg/detail/sensor_state__functions.h
[1.768s] -- Up-to-date: /home/marcel/studies/2_sem_mgr/RPE_lab/EX5/ros2_ws/install/rms_interfaces/include/rms_interfaces/rms_interfaces/msg/rosidl_generator_c__visibility_control.h
[1.768s] -- Installing: /home/marcel/studies/2_sem_mgr/RPE_lab/EX5/ros2_ws/install/rms_interfaces/include/rms_interfaces/rms_interfaces/msg/sensor_state.h
[1.768s] -- Up-to-date: /home/marcel/studies/2_sem_mgr/RPE_lab/EX5/ros2_ws/install/rms_interfaces/include/rms_interfaces/rms_interfaces/srv
[1.768s] -- Up-to-date: /home/marcel/studies/2_sem_mgr/RPE_lab/EX5/ros2_ws/install/rms_interfaces/include/rms_interfaces/rms_interfaces/srv/detail
[1.768s] -- Installing: /home/marcel/studies/2_sem_mgr/RPE_lab/EX5/ros2_ws/install/rms_interfaces/include/rms_interfaces/rms_interfaces/srv/detail/component_error__functions.h
[1.768s] -- Installing: /home/marcel/studies/2_sem_mgr/RPE_lab/EX5/ros2_ws/install/rms_interfaces/include/rms_interfaces/rms_interfaces/srv/detail/component_error__type_support.h
[1.769s] -- Installing: /home/marcel/studies/2_sem_mgr/RPE_lab/EX5/ros2_ws/install/rms_interfaces/include/rms_interfaces/rms_interfaces/srv/detail/component_error__functions.c
[1.769s] -- Installing: /home/marcel/studies/2_sem_mgr/RPE_lab/EX5/ros2_ws/install/rms_interfaces/include/rms_interfaces/rms_interfaces/srv/detail/component_error__struct.h
[1.769s] -- Installing: /home/marcel/studies/2_sem_mgr/RPE_lab/EX5/ros2_ws/install/rms_interfaces/include/rms_interfaces/rms_interfaces/srv/component_error.h
[1.769s] -- Up-to-date: /home/marcel/studies/2_sem_mgr/RPE_lab/EX5/ros2_ws/install/rms_interfaces/share/rms_interfaces/environment/library_path.sh
[1.769s] -- Installing: /home/marcel/studies/2_sem_mgr/RPE_lab/EX5/ros2_ws/install/rms_interfaces/share/rms_interfaces/environment/library_path.dsv
[1.769s] -- Installing: /home/marcel/studies/2_sem_mgr/RPE_lab/EX5/ros2_ws/install/rms_interfaces/lib/librms_interfaces__rosidl_generator_c.so
[1.769s] -- Set runtime path of "/home/marcel/studies/2_sem_mgr/RPE_lab/EX5/ros2_ws/install/rms_interfaces/lib/librms_interfaces__rosidl_generator_c.so" to ""
[1.770s] -- Up-to-date: /home/marcel/studies/2_sem_mgr/RPE_lab/EX5/ros2_ws/install/rms_interfaces/include/rms_interfaces/rms_interfaces
[1.770s] -- Up-to-date: /home/marcel/studies/2_sem_mgr/RPE_lab/EX5/ros2_ws/install/rms_interfaces/include/rms_interfaces/rms_interfaces/msg
[1.770s] -- Up-to-date: /home/marcel/studies/2_sem_mgr/RPE_lab/EX5/ros2_ws/install/rms_interfaces/include/rms_interfaces/rms_interfaces/msg/detail
[1.770s] -- Installing: /home/marcel/studies/2_sem_mgr/RPE_lab/EX5/ros2_ws/install/rms_interfaces/include/rms_interfaces/rms_interfaces/msg/detail/sensor_state__rosidl_typesupport_fastrtps_c.h
[1.770s] -- Up-to-date: /home/marcel/studies/2_sem_mgr/RPE_lab/EX5/ros2_ws/install/rms_interfaces/include/rms_interfaces/rms_interfaces/msg/rosidl_typesupport_fastrtps_c__visibility_control.h
[1.770s] -- Up-to-date: /home/marcel/studies/2_sem_mgr/RPE_lab/EX5/ros2_ws/install/rms_interfaces/include/rms_interfaces/rms_interfaces/srv
[1.770s] -- Up-to-date: /home/marcel/studies/2_sem_mgr/RPE_lab/EX5/ros2_ws/install/rms_interfaces/include/rms_interfaces/rms_interfaces/srv/detail
[1.770s] -- Installing: /home/marcel/studies/2_sem_mgr/RPE_lab/EX5/ros2_ws/install/rms_interfaces/include/rms_interfaces/rms_interfaces/srv/detail/component_error__rosidl_typesupport_fastrtps_c.h
[1.770s] -- Installing: /home/marcel/studies/2_sem_mgr/RPE_lab/EX5/ros2_ws/install/rms_interfaces/lib/librms_interfaces__rosidl_typesupport_fastrtps_c.so
[1.770s] -- Set runtime path of "/home/marcel/studies/2_sem_mgr/RPE_lab/EX5/ros2_ws/install/rms_interfaces/lib/librms_interfaces__rosidl_typesupport_fastrtps_c.so" to ""
[1.770s] -- Up-to-date: /home/marcel/studies/2_sem_mgr/RPE_lab/EX5/ros2_ws/install/rms_interfaces/include/rms_interfaces/rms_interfaces
[1.770s] -- Up-to-date: /home/marcel/studies/2_sem_mgr/RPE_lab/EX5/ros2_ws/install/rms_interfaces/include/rms_interfaces/rms_interfaces/msg
[1.770s] -- Up-to-date: /home/marcel/studies/2_sem_mgr/RPE_lab/EX5/ros2_ws/install/rms_interfaces/include/rms_interfaces/rms_interfaces/msg/rosidl_typesupport_introspection_c__visibility_control.h
[1.770s] -- Up-to-date: /home/marcel/studies/2_sem_mgr/RPE_lab/EX5/ros2_ws/install/rms_interfaces/include/rms_interfaces/rms_interfaces/msg/detail
[1.770s] -- Installing: /home/marcel/studies/2_sem_mgr/RPE_lab/EX5/ros2_ws/install/rms_interfaces/include/rms_interfaces/rms_interfaces/msg/detail/sensor_state__type_support.c
[1.771s] -- Installing: /home/marcel/studies/2_sem_mgr/RPE_lab/EX5/ros2_ws/install/rms_interfaces/include/rms_interfaces/rms_interfaces/msg/detail/sensor_state__rosidl_typesupport_introspection_c.h
[1.771s] -- Up-to-date: /home/marcel/studies/2_sem_mgr/RPE_lab/EX5/ros2_ws/install/rms_interfaces/include/rms_interfaces/rms_interfaces/srv
[1.771s] -- Up-to-date: /home/marcel/studies/2_sem_mgr/RPE_lab/EX5/ros2_ws/install/rms_interfaces/include/rms_interfaces/rms_interfaces/srv/detail
[1.771s] -- Installing: /home/marcel/studies/2_sem_mgr/RPE_lab/EX5/ros2_ws/install/rms_interfaces/include/rms_interfaces/rms_interfaces/srv/detail/component_error__rosidl_typesupport_introspection_c.h
[1.771s] -- Installing: /home/marcel/studies/2_sem_mgr/RPE_lab/EX5/ros2_ws/install/rms_interfaces/include/rms_interfaces/rms_interfaces/srv/detail/component_error__type_support.c
[1.771s] -- Installing: /home/marcel/studies/2_sem_mgr/RPE_lab/EX5/ros2_ws/install/rms_interfaces/lib/librms_interfaces__rosidl_typesupport_introspection_c.so
[1.771s] -- Set runtime path of "/home/marcel/studies/2_sem_mgr/RPE_lab/EX5/ros2_ws/install/rms_interfaces/lib/librms_interfaces__rosidl_typesupport_introspection_c.so" to ""
[1.772s] -- Installing: /home/marcel/studies/2_sem_mgr/RPE_lab/EX5/ros2_ws/install/rms_interfaces/lib/librms_interfaces__rosidl_typesupport_c.so
[1.772s] -- Set runtime path of "/home/marcel/studies/2_sem_mgr/RPE_lab/EX5/ros2_ws/install/rms_interfaces/lib/librms_interfaces__rosidl_typesupport_c.so" to ""
[1.772s] -- Up-to-date: /home/marcel/studies/2_sem_mgr/RPE_lab/EX5/ros2_ws/install/rms_interfaces/include/rms_interfaces/rms_interfaces
[1.772s] -- Up-to-date: /home/marcel/studies/2_sem_mgr/RPE_lab/EX5/ros2_ws/install/rms_interfaces/include/rms_interfaces/rms_interfaces/msg
[1.772s] -- Up-to-date: /home/marcel/studies/2_sem_mgr/RPE_lab/EX5/ros2_ws/install/rms_interfaces/include/rms_interfaces/rms_interfaces/msg/detail
[1.772s] -- Installing: /home/marcel/studies/2_sem_mgr/RPE_lab/EX5/ros2_ws/install/rms_interfaces/include/rms_interfaces/rms_interfaces/msg/detail/sensor_state__traits.hpp
[1.772s] -- Installing: /home/marcel/studies/2_sem_mgr/RPE_lab/EX5/ros2_ws/install/rms_interfaces/include/rms_interfaces/rms_interfaces/msg/detail/sensor_state__builder.hpp
[1.772s] -- Installing: /home/marcel/studies/2_sem_mgr/RPE_lab/EX5/ros2_ws/install/rms_interfaces/include/rms_interfaces/rms_interfaces/msg/detail/sensor_state__struct.hpp
[1.772s] -- Installing: /home/marcel/studies/2_sem_mgr/RPE_lab/EX5/ros2_ws/install/rms_interfaces/include/rms_interfaces/rms_interfaces/msg/sensor_state.hpp
[1.772s] -- Up-to-date: /home/marcel/studies/2_sem_mgr/RPE_lab/EX5/ros2_ws/install/rms_interfaces/include/rms_interfaces/rms_interfaces/srv
[1.772s] -- Up-to-date: /home/marcel/studies/2_sem_mgr/RPE_lab/EX5/ros2_ws/install/rms_interfaces/include/rms_interfaces/rms_interfaces/srv/detail
[1.772s] -- Installing: /home/marcel/studies/2_sem_mgr/RPE_lab/EX5/ros2_ws/install/rms_interfaces/include/rms_interfaces/rms_interfaces/srv/detail/component_error__builder.hpp
[1.772s] -- Installing: /home/marcel/studies/2_sem_mgr/RPE_lab/EX5/ros2_ws/install/rms_interfaces/include/rms_interfaces/rms_interfaces/srv/detail/component_error__struct.hpp
[1.773s] -- Installing: /home/marcel/studies/2_sem_mgr/RPE_lab/EX5/ros2_ws/install/rms_interfaces/include/rms_interfaces/rms_interfaces/srv/detail/component_error__traits.hpp
[1.773s] -- Installing: /home/marcel/studies/2_sem_mgr/RPE_lab/EX5/ros2_ws/install/rms_interfaces/include/rms_interfaces/rms_interfaces/srv/component_error.hpp
[1.773s] -- Up-to-date: /home/marcel/studies/2_sem_mgr/RPE_lab/EX5/ros2_ws/install/rms_interfaces/include/rms_interfaces/rms_interfaces
[1.773s] -- Up-to-date: /home/marcel/studies/2_sem_mgr/RPE_lab/EX5/ros2_ws/install/rms_interfaces/include/rms_interfaces/rms_interfaces/msg
[1.773s] -- Up-to-date: /home/marcel/studies/2_sem_mgr/RPE_lab/EX5/ros2_ws/install/rms_interfaces/include/rms_interfaces/rms_interfaces/msg/detail
[1.773s] -- Installing: /home/marcel/studies/2_sem_mgr/RPE_lab/EX5/ros2_ws/install/rms_interfaces/include/rms_interfaces/rms_interfaces/msg/detail/sensor_state__rosidl_typesupport_fastrtps_cpp.hpp
[1.773s] -- Installing: /home/marcel/studies/2_sem_mgr/RPE_lab/EX5/ros2_ws/install/rms_interfaces/include/rms_interfaces/rms_interfaces/msg/detail/dds_fastrtps
[1.773s] -- Up-to-date: /home/marcel/studies/2_sem_mgr/RPE_lab/EX5/ros2_ws/install/rms_interfaces/include/rms_interfaces/rms_interfaces/msg/rosidl_typesupport_fastrtps_cpp__visibility_control.h
[1.773s] -- Up-to-date: /home/marcel/studies/2_sem_mgr/RPE_lab/EX5/ros2_ws/install/rms_interfaces/include/rms_interfaces/rms_interfaces/srv
[1.773s] -- Up-to-date: /home/marcel/studies/2_sem_mgr/RPE_lab/EX5/ros2_ws/install/rms_interfaces/include/rms_interfaces/rms_interfaces/srv/detail
[1.773s] -- Installing: /home/marcel/studies/2_sem_mgr/RPE_lab/EX5/ros2_ws/install/rms_interfaces/include/rms_interfaces/rms_interfaces/srv/detail/component_error__rosidl_typesupport_fastrtps_cpp.hpp
[1.773s] -- Up-to-date: /home/marcel/studies/2_sem_mgr/RPE_lab/EX5/ros2_ws/install/rms_interfaces/include/rms_interfaces/rms_interfaces/srv/detail/dds_fastrtps
[1.774s] -- Installing: /home/marcel/studies/2_sem_mgr/RPE_lab/EX5/ros2_ws/install/rms_interfaces/lib/librms_interfaces__rosidl_typesupport_fastrtps_cpp.so
[1.774s] -- Set runtime path of "/home/marcel/studies/2_sem_mgr/RPE_lab/EX5/ros2_ws/install/rms_interfaces/lib/librms_interfaces__rosidl_typesupport_fastrtps_cpp.so" to ""
[1.774s] -- Up-to-date: /home/marcel/studies/2_sem_mgr/RPE_lab/EX5/ros2_ws/install/rms_interfaces/include/rms_interfaces/rms_interfaces
[1.774s] -- Up-to-date: /home/marcel/studies/2_sem_mgr/RPE_lab/EX5/ros2_ws/install/rms_interfaces/include/rms_interfaces/rms_interfaces/msg
[1.774s] -- Up-to-date: /home/marcel/studies/2_sem_mgr/RPE_lab/EX5/ros2_ws/install/rms_interfaces/include/rms_interfaces/rms_interfaces/msg/detail
[1.774s] -- Installing: /home/marcel/studies/2_sem_mgr/RPE_lab/EX5/ros2_ws/install/rms_interfaces/include/rms_interfaces/rms_interfaces/msg/detail/sensor_state__type_support.cpp
[1.774s] -- Installing: /home/marcel/studies/2_sem_mgr/RPE_lab/EX5/ros2_ws/install/rms_interfaces/include/rms_interfaces/rms_interfaces/msg/detail/sensor_state__rosidl_typesupport_introspection_cpp.hpp
[1.774s] -- Up-to-date: /home/marcel/studies/2_sem_mgr/RPE_lab/EX5/ros2_ws/install/rms_interfaces/include/rms_interfaces/rms_interfaces/srv
[1.774s] -- Up-to-date: /home/marcel/studies/2_sem_mgr/RPE_lab/EX5/ros2_ws/install/rms_interfaces/include/rms_interfaces/rms_interfaces/srv/detail
[1.774s] -- Installing: /home/marcel/studies/2_sem_mgr/RPE_lab/EX5/ros2_ws/install/rms_interfaces/include/rms_interfaces/rms_interfaces/srv/detail/component_error__type_support.cpp
[1.775s] -- Installing: /home/marcel/studies/2_sem_mgr/RPE_lab/EX5/ros2_ws/install/rms_interfaces/include/rms_interfaces/rms_interfaces/srv/detail/component_error__rosidl_typesupport_introspection_cpp.hpp
[1.775s] -- Installing: /home/marcel/studies/2_sem_mgr/RPE_lab/EX5/ros2_ws/install/rms_interfaces/lib/librms_interfaces__rosidl_typesupport_introspection_cpp.so
[1.775s] -- Set runtime path of "/home/marcel/studies/2_sem_mgr/RPE_lab/EX5/ros2_ws/install/rms_interfaces/lib/librms_interfaces__rosidl_typesupport_introspection_cpp.so" to ""
[1.775s] -- Installing: /home/marcel/studies/2_sem_mgr/RPE_lab/EX5/ros2_ws/install/rms_interfaces/lib/librms_interfaces__rosidl_typesupport_cpp.so
[1.776s] -- Set runtime path of "/home/marcel/studies/2_sem_mgr/RPE_lab/EX5/ros2_ws/install/rms_interfaces/lib/librms_interfaces__rosidl_typesupport_cpp.so" to ""
[1.776s] -- Up-to-date: /home/marcel/studies/2_sem_mgr/RPE_lab/EX5/ros2_ws/install/rms_interfaces/share/rms_interfaces/environment/pythonpath.sh
[1.776s] -- Installing: /home/marcel/studies/2_sem_mgr/RPE_lab/EX5/ros2_ws/install/rms_interfaces/share/rms_interfaces/environment/pythonpath.dsv
[1.776s] -- Up-to-date: /home/marcel/studies/2_sem_mgr/RPE_lab/EX5/ros2_ws/install/rms_interfaces/local/lib/python3.10/dist-packages/rms_interfaces-0.0.0-py3.10.egg-info
[1.776s] -- Installing: /home/marcel/studies/2_sem_mgr/RPE_lab/EX5/ros2_ws/install/rms_interfaces/local/lib/python3.10/dist-packages/rms_interfaces-0.0.0-py3.10.egg-info/top_level.txt
[1.776s] -- Installing: /home/marcel/studies/2_sem_mgr/RPE_lab/EX5/ros2_ws/install/rms_interfaces/local/lib/python3.10/dist-packages/rms_interfaces-0.0.0-py3.10.egg-info/PKG-INFO
[1.776s] -- Installing: /home/marcel/studies/2_sem_mgr/RPE_lab/EX5/ros2_ws/install/rms_interfaces/local/lib/python3.10/dist-packages/rms_interfaces-0.0.0-py3.10.egg-info/dependency_links.txt
[1.776s] -- Installing: /home/marcel/studies/2_sem_mgr/RPE_lab/EX5/ros2_ws/install/rms_interfaces/local/lib/python3.10/dist-packages/rms_interfaces-0.0.0-py3.10.egg-info/SOURCES.txt
[1.776s] -- Up-to-date: /home/marcel/studies/2_sem_mgr/RPE_lab/EX5/ros2_ws/install/rms_interfaces/local/lib/python3.10/dist-packages/rms_interfaces
[1.776s] -- Installing: /home/marcel/studies/2_sem_mgr/RPE_lab/EX5/ros2_ws/install/rms_interfaces/local/lib/python3.10/dist-packages/rms_interfaces/_rms_interfaces_s.ep.rosidl_typesupport_introspection_c.c
[1.777s] -- Installing: /home/marcel/studies/2_sem_mgr/RPE_lab/EX5/ros2_ws/install/rms_interfaces/local/lib/python3.10/dist-packages/rms_interfaces/rms_interfaces_s__rosidl_typesupport_c.cpython-310-x86_64-linux-gnu.so
[1.777s] -- Installing: /home/marcel/studies/2_sem_mgr/RPE_lab/EX5/ros2_ws/install/rms_interfaces/local/lib/python3.10/dist-packages/rms_interfaces/_rms_interfaces_s.ep.rosidl_typesupport_c.c
[1.777s] -- Installing: /home/marcel/studies/2_sem_mgr/RPE_lab/EX5/ros2_ws/install/rms_interfaces/local/lib/python3.10/dist-packages/rms_interfaces/msg
[1.777s] -- Installing: /home/marcel/studies/2_sem_mgr/RPE_lab/EX5/ros2_ws/install/rms_interfaces/local/lib/python3.10/dist-packages/rms_interfaces/msg/_sensor_state_s.c
[1.777s] -- Installing: /home/marcel/studies/2_sem_mgr/RPE_lab/EX5/ros2_ws/install/rms_interfaces/local/lib/python3.10/dist-packages/rms_interfaces/msg/_sensor_state.py
[1.777s] -- Installing: /home/marcel/studies/2_sem_mgr/RPE_lab/EX5/ros2_ws/install/rms_interfaces/local/lib/python3.10/dist-packages/rms_interfaces/msg/__init__.py
[1.777s] -- Installing: /home/marcel/studies/2_sem_mgr/RPE_lab/EX5/ros2_ws/install/rms_interfaces/local/lib/python3.10/dist-packages/rms_interfaces/librms_interfaces__rosidl_generator_py.so
[1.777s] -- Installing: /home/marcel/studies/2_sem_mgr/RPE_lab/EX5/ros2_ws/install/rms_interfaces/local/lib/python3.10/dist-packages/rms_interfaces/rms_interfaces_s__rosidl_typesupport_introspection_c.cpython-310-x86_64-linux-gnu.so
[1.778s] -- Installing: /home/marcel/studies/2_sem_mgr/RPE_lab/EX5/ros2_ws/install/rms_interfaces/local/lib/python3.10/dist-packages/rms_interfaces/_rms_interfaces_s.ep.rosidl_typesupport_fastrtps_c.c
[1.778s] -- Up-to-date: /home/marcel/studies/2_sem_mgr/RPE_lab/EX5/ros2_ws/install/rms_interfaces/local/lib/python3.10/dist-packages/rms_interfaces/srv
[1.778s] -- Installing: /home/marcel/studies/2_sem_mgr/RPE_lab/EX5/ros2_ws/install/rms_interfaces/local/lib/python3.10/dist-packages/rms_interfaces/srv/__init__.py
[1.778s] -- Installing: /home/marcel/studies/2_sem_mgr/RPE_lab/EX5/ros2_ws/install/rms_interfaces/local/lib/python3.10/dist-packages/rms_interfaces/srv/_component_error_s.c
[1.778s] -- Installing: /home/marcel/studies/2_sem_mgr/RPE_lab/EX5/ros2_ws/install/rms_interfaces/local/lib/python3.10/dist-packages/rms_interfaces/srv/_component_error.py
[1.778s] -- Installing: /home/marcel/studies/2_sem_mgr/RPE_lab/EX5/ros2_ws/install/rms_interfaces/local/lib/python3.10/dist-packages/rms_interfaces/rms_interfaces_s__rosidl_typesupport_fastrtps_c.cpython-310-x86_64-linux-gnu.so
[1.778s] -- Installing: /home/marcel/studies/2_sem_mgr/RPE_lab/EX5/ros2_ws/install/rms_interfaces/local/lib/python3.10/dist-packages/rms_interfaces/__init__.py
[1.799s] Listing '/home/marcel/studies/2_sem_mgr/RPE_lab/EX5/ros2_ws/install/rms_interfaces/local/lib/python3.10/dist-packages/rms_interfaces'...
[1.799s] Compiling '/home/marcel/studies/2_sem_mgr/RPE_lab/EX5/ros2_ws/install/rms_interfaces/local/lib/python3.10/dist-packages/rms_interfaces/__init__.py'...
[1.799s] Listing '/home/marcel/studies/2_sem_mgr/RPE_lab/EX5/ros2_ws/install/rms_interfaces/local/lib/python3.10/dist-packages/rms_interfaces/msg'...
[1.799s] Compiling '/home/marcel/studies/2_sem_mgr/RPE_lab/EX5/ros2_ws/install/rms_interfaces/local/lib/python3.10/dist-packages/rms_interfaces/msg/__init__.py'...
[1.799s] Compiling '/home/marcel/studies/2_sem_mgr/RPE_lab/EX5/ros2_ws/install/rms_interfaces/local/lib/python3.10/dist-packages/rms_interfaces/msg/_sensor_state.py'...
[1.799s] Listing '/home/marcel/studies/2_sem_mgr/RPE_lab/EX5/ros2_ws/install/rms_interfaces/local/lib/python3.10/dist-packages/rms_interfaces/srv'...
[1.799s] Compiling '/home/marcel/studies/2_sem_mgr/RPE_lab/EX5/ros2_ws/install/rms_interfaces/local/lib/python3.10/dist-packages/rms_interfaces/srv/__init__.py'...
[1.799s] Compiling '/home/marcel/studies/2_sem_mgr/RPE_lab/EX5/ros2_ws/install/rms_interfaces/local/lib/python3.10/dist-packages/rms_interfaces/srv/_component_error.py'...
[1.801s] -- Installing: /home/marcel/studies/2_sem_mgr/RPE_lab/EX5/ros2_ws/install/rms_interfaces/local/lib/python3.10/dist-packages/rms_interfaces/rms_interfaces_s__rosidl_typesupport_fastrtps_c.cpython-310-x86_64-linux-gnu.so
[1.801s] -- Set runtime path of "/home/marcel/studies/2_sem_mgr/RPE_lab/EX5/ros2_ws/install/rms_interfaces/local/lib/python3.10/dist-packages/rms_interfaces/rms_interfaces_s__rosidl_typesupport_fastrtps_c.cpython-310-x86_64-linux-gnu.so" to ""
[1.802s] -- Installing: /home/marcel/studies/2_sem_mgr/RPE_lab/EX5/ros2_ws/install/rms_interfaces/local/lib/python3.10/dist-packages/rms_interfaces/rms_interfaces_s__rosidl_typesupport_introspection_c.cpython-310-x86_64-linux-gnu.so
[1.802s] -- Set runtime path of "/home/marcel/studies/2_sem_mgr/RPE_lab/EX5/ros2_ws/install/rms_interfaces/local/lib/python3.10/dist-packages/rms_interfaces/rms_interfaces_s__rosidl_typesupport_introspection_c.cpython-310-x86_64-linux-gnu.so" to ""
[1.802s] -- Installing: /home/marcel/studies/2_sem_mgr/RPE_lab/EX5/ros2_ws/install/rms_interfaces/local/lib/python3.10/dist-packages/rms_interfaces/rms_interfaces_s__rosidl_typesupport_c.cpython-310-x86_64-linux-gnu.so
[1.802s] -- Set runtime path of "/home/marcel/studies/2_sem_mgr/RPE_lab/EX5/ros2_ws/install/rms_interfaces/local/lib/python3.10/dist-packages/rms_interfaces/rms_interfaces_s__rosidl_typesupport_c.cpython-310-x86_64-linux-gnu.so" to ""
[1.802s] -- Installing: /home/marcel/studies/2_sem_mgr/RPE_lab/EX5/ros2_ws/install/rms_interfaces/lib/librms_interfaces__rosidl_generator_py.so
[1.803s] -- Set runtime path of "/home/marcel/studies/2_sem_mgr/RPE_lab/EX5/ros2_ws/install/rms_interfaces/lib/librms_interfaces__rosidl_generator_py.so" to ""
[1.803s] -- Up-to-date: /home/marcel/studies/2_sem_mgr/RPE_lab/EX5/ros2_ws/install/rms_interfaces/share/rms_interfaces/srv/ComponentError.idl
[1.803s] -- Installing: /home/marcel/studies/2_sem_mgr/RPE_lab/EX5/ros2_ws/install/rms_interfaces/share/rms_interfaces/msg/SensorState.idl
[1.803s] -- Up-to-date: /home/marcel/studies/2_sem_mgr/RPE_lab/EX5/ros2_ws/install/rms_interfaces/share/rms_interfaces/srv/ComponentError.srv
[1.803s] -- Up-to-date: /home/marcel/studies/2_sem_mgr/RPE_lab/EX5/ros2_ws/install/rms_interfaces/share/rms_interfaces/srv/ComponentError_Request.msg
[1.803s] -- Up-to-date: /home/marcel/studies/2_sem_mgr/RPE_lab/EX5/ros2_ws/install/rms_interfaces/share/rms_interfaces/srv/ComponentError_Response.msg
[1.803s] -- Installing: /home/marcel/studies/2_sem_mgr/RPE_lab/EX5/ros2_ws/install/rms_interfaces/share/rms_interfaces/msg/SensorState.msg
[1.803s] -- Up-to-date: /home/marcel/studies/2_sem_mgr/RPE_lab/EX5/ros2_ws/install/rms_interfaces/share/ament_index/resource_index/package_run_dependencies/rms_interfaces
[1.803s] -- Installing: /home/marcel/studies/2_sem_mgr/RPE_lab/EX5/ros2_ws/install/rms_interfaces/share/ament_index/resource_index/parent_prefix_path/rms_interfaces
[1.803s] -- Up-to-date: /home/marcel/studies/2_sem_mgr/RPE_lab/EX5/ros2_ws/install/rms_interfaces/share/rms_interfaces/environment/ament_prefix_path.sh
[1.803s] -- Installing: /home/marcel/studies/2_sem_mgr/RPE_lab/EX5/ros2_ws/install/rms_interfaces/share/rms_interfaces/environment/ament_prefix_path.dsv
[1.803s] -- Up-to-date: /home/marcel/studies/2_sem_mgr/RPE_lab/EX5/ros2_ws/install/rms_interfaces/share/rms_interfaces/environment/path.sh
[1.803s] -- Installing: /home/marcel/studies/2_sem_mgr/RPE_lab/EX5/ros2_ws/install/rms_interfaces/share/rms_interfaces/environment/path.dsv
[1.804s] -- Up-to-date: /home/marcel/studies/2_sem_mgr/RPE_lab/EX5/ros2_ws/install/rms_interfaces/share/rms_interfaces/local_setup.bash
[1.804s] -- Up-to-date: /home/marcel/studies/2_sem_mgr/RPE_lab/EX5/ros2_ws/install/rms_interfaces/share/rms_interfaces/local_setup.sh
[1.804s] -- Up-to-date: /home/marcel/studies/2_sem_mgr/RPE_lab/EX5/ros2_ws/install/rms_interfaces/share/rms_interfaces/local_setup.zsh
[1.804s] -- Installing: /home/marcel/studies/2_sem_mgr/RPE_lab/EX5/ros2_ws/install/rms_interfaces/share/rms_interfaces/local_setup.dsv
[1.804s] -- Installing: /home/marcel/studies/2_sem_mgr/RPE_lab/EX5/ros2_ws/install/rms_interfaces/share/rms_interfaces/package.dsv
[1.804s] -- Up-to-date: /home/marcel/studies/2_sem_mgr/RPE_lab/EX5/ros2_ws/install/rms_interfaces/share/ament_index/resource_index/packages/rms_interfaces
[1.804s] -- Up-to-date: /home/marcel/studies/2_sem_mgr/RPE_lab/EX5/ros2_ws/install/rms_interfaces/share/rms_interfaces/cmake/export_rms_interfaces__rosidl_generator_cExport.cmake
[1.804s] -- Up-to-date: /home/marcel/studies/2_sem_mgr/RPE_lab/EX5/ros2_ws/install/rms_interfaces/share/rms_interfaces/cmake/export_rms_interfaces__rosidl_generator_cExport-noconfig.cmake
[1.804s] -- Up-to-date: /home/marcel/studies/2_sem_mgr/RPE_lab/EX5/ros2_ws/install/rms_interfaces/share/rms_interfaces/cmake/export_rms_interfaces__rosidl_typesupport_fastrtps_cExport.cmake
[1.804s] -- Up-to-date: /home/marcel/studies/2_sem_mgr/RPE_lab/EX5/ros2_ws/install/rms_interfaces/share/rms_interfaces/cmake/export_rms_interfaces__rosidl_typesupport_fastrtps_cExport-noconfig.cmake
[1.804s] -- Up-to-date: /home/marcel/studies/2_sem_mgr/RPE_lab/EX5/ros2_ws/install/rms_interfaces/share/rms_interfaces/cmake/rms_interfaces__rosidl_typesupport_introspection_cExport.cmake
[1.804s] -- Up-to-date: /home/marcel/studies/2_sem_mgr/RPE_lab/EX5/ros2_ws/install/rms_interfaces/share/rms_interfaces/cmake/rms_interfaces__rosidl_typesupport_introspection_cExport-noconfig.cmake
[1.805s] -- Up-to-date: /home/marcel/studies/2_sem_mgr/RPE_lab/EX5/ros2_ws/install/rms_interfaces/share/rms_interfaces/cmake/rms_interfaces__rosidl_typesupport_cExport.cmake
[1.805s] -- Up-to-date: /home/marcel/studies/2_sem_mgr/RPE_lab/EX5/ros2_ws/install/rms_interfaces/share/rms_interfaces/cmake/rms_interfaces__rosidl_typesupport_cExport-noconfig.cmake
[1.805s] -- Up-to-date: /home/marcel/studies/2_sem_mgr/RPE_lab/EX5/ros2_ws/install/rms_interfaces/share/rms_interfaces/cmake/export_rms_interfaces__rosidl_generator_cppExport.cmake
[1.805s] -- Up-to-date: /home/marcel/studies/2_sem_mgr/RPE_lab/EX5/ros2_ws/install/rms_interfaces/share/rms_interfaces/cmake/export_rms_interfaces__rosidl_typesupport_fastrtps_cppExport.cmake
[1.805s] -- Up-to-date: /home/marcel/studies/2_sem_mgr/RPE_lab/EX5/ros2_ws/install/rms_interfaces/share/rms_interfaces/cmake/export_rms_interfaces__rosidl_typesupport_fastrtps_cppExport-noconfig.cmake
[1.805s] -- Up-to-date: /home/marcel/studies/2_sem_mgr/RPE_lab/EX5/ros2_ws/install/rms_interfaces/share/rms_interfaces/cmake/rms_interfaces__rosidl_typesupport_introspection_cppExport.cmake
[1.805s] -- Up-to-date: /home/marcel/studies/2_sem_mgr/RPE_lab/EX5/ros2_ws/install/rms_interfaces/share/rms_interfaces/cmake/rms_interfaces__rosidl_typesupport_introspection_cppExport-noconfig.cmake
[1.805s] -- Up-to-date: /home/marcel/studies/2_sem_mgr/RPE_lab/EX5/ros2_ws/install/rms_interfaces/share/rms_interfaces/cmake/rms_interfaces__rosidl_typesupport_cppExport.cmake
[1.805s] -- Up-to-date: /home/marcel/studies/2_sem_mgr/RPE_lab/EX5/ros2_ws/install/rms_interfaces/share/rms_interfaces/cmake/rms_interfaces__rosidl_typesupport_cppExport-noconfig.cmake
[1.805s] -- Up-to-date: /home/marcel/studies/2_sem_mgr/RPE_lab/EX5/ros2_ws/install/rms_interfaces/share/rms_interfaces/cmake/export_rms_interfaces__rosidl_generator_pyExport.cmake
[1.805s] -- Up-to-date: /home/marcel/studies/2_sem_mgr/RPE_lab/EX5/ros2_ws/install/rms_interfaces/share/rms_interfaces/cmake/export_rms_interfaces__rosidl_generator_pyExport-noconfig.cmake
[1.805s] -- Installing: /home/marcel/studies/2_sem_mgr/RPE_lab/EX5/ros2_ws/install/rms_interfaces/share/rms_interfaces/cmake/rosidl_cmake-extras.cmake
[1.806s] -- Up-to-date: /home/marcel/studies/2_sem_mgr/RPE_lab/EX5/ros2_ws/install/rms_interfaces/share/rms_interfaces/cmake/ament_cmake_export_include_directories-extras.cmake
[1.806s] -- Up-to-date: /home/marcel/studies/2_sem_mgr/RPE_lab/EX5/ros2_ws/install/rms_interfaces/share/rms_interfaces/cmake/ament_cmake_export_libraries-extras.cmake
[1.806s] -- Up-to-date: /home/marcel/studies/2_sem_mgr/RPE_lab/EX5/ros2_ws/install/rms_interfaces/share/rms_interfaces/cmake/ament_cmake_export_targets-extras.cmake
[1.806s] -- Up-to-date: /home/marcel/studies/2_sem_mgr/RPE_lab/EX5/ros2_ws/install/rms_interfaces/share/rms_interfaces/cmake/rosidl_cmake_export_typesupport_targets-extras.cmake
[1.806s] -- Up-to-date: /home/marcel/studies/2_sem_mgr/RPE_lab/EX5/ros2_ws/install/rms_interfaces/share/rms_interfaces/cmake/ament_cmake_export_dependencies-extras.cmake
[1.806s] -- Up-to-date: /home/marcel/studies/2_sem_mgr/RPE_lab/EX5/ros2_ws/install/rms_interfaces/share/rms_interfaces/cmake/rosidl_cmake_export_typesupport_libraries-extras.cmake
[1.806s] -- Up-to-date: /home/marcel/studies/2_sem_mgr/RPE_lab/EX5/ros2_ws/install/rms_interfaces/share/rms_interfaces/cmake/rms_interfacesConfig.cmake
[1.806s] -- Up-to-date: /home/marcel/studies/2_sem_mgr/RPE_lab/EX5/ros2_ws/install/rms_interfaces/share/rms_interfaces/cmake/rms_interfacesConfig-version.cmake
[1.806s] -- Up-to-date: /home/marcel/studies/2_sem_mgr/RPE_lab/EX5/ros2_ws/install/rms_interfaces/share/rms_interfaces/package.xml
[1.807s] Invoked command in '/home/marcel/studies/2_sem_mgr/RPE_lab/EX5/ros2_ws/build/rms_interfaces' returned '0': CMAKE_PREFIX_PATH=${CMAKE_PREFIX_PATH}:/home/marcel/studies/2_sem_mgr/RPE_lab/EX5/ros2_ws/install/rms_package:/home/marcel/studies/2_sem_mgr/RPE_lab/EX4/ros2_ws/install/signalPackage:/home/marcel/ros2_ws/install/my_robot_controller:/opt/ros/humble /usr/bin/cmake --install /home/marcel/studies/2_sem_mgr/RPE_lab/EX5/ros2_ws/build/rms_interfaces
