[0.007s] Invoking command in '/home/marcel/studies/2_sem_mgr/RPE_lab/EX5/ros2_ws/build/rms_interfaces': CMAKE_PREFIX_PATH=${CMAKE_PREFIX_PATH}:/home/marcel/studies/2_sem_mgr/RPE_lab/EX5/ros2_ws/install/rms_package:/home/marcel/studies/2_sem_mgr/RPE_lab/EX4/ros2_ws/install/signalPackage:/home/marcel/ros2_ws/install/my_robot_controller:/opt/ros/humble /usr/bin/cmake --build /home/marcel/studies/2_sem_mgr/RPE_lab/EX5/ros2_ws/build/rms_interfaces -- -j16 -l16
[0.033s] [35m[1mConsolidate compiler generated dependencies of target rms_interfaces__rosidl_generator_c[0m
[0.039s] [  3%] Built target rms_interfaces__cpp
[0.039s] [ 12%] Built target rms_interfaces__rosidl_generator_c
[0.044s] [ 12%] Built target ament_cmake_python_copy_rms_interfaces
[0.046s] [35m[1mConsolidate compiler generated dependencies of target rms_interfaces__rosidl_typesupport_fastrtps_cpp[0m
[0.046s] [35m[1mConsolidate compiler generated dependencies of target rms_interfaces__rosidl_typesupport_cpp[0m
[0.046s] [35m[1mConsolidate compiler generated dependencies of target rms_interfaces__rosidl_typesupport_introspection_c[0m
[0.046s] [35m[1mConsolidate compiler generated dependencies of target rms_interfaces__rosidl_typesupport_c[0m
[0.046s] [35m[1mConsolidate compiler generated dependencies of target rms_interfaces__rosidl_typesupport_introspection_cpp[0m
[0.047s] [35m[1mConsolidate compiler generated dependencies of target rms_interfaces__rosidl_typesupport_fastrtps_c[0m
[0.053s] [ 22%] Built target rms_interfaces__rosidl_typesupport_c
[0.053s] [ 32%] Built target rms_interfaces__rosidl_typesupport_introspection_c
[0.053s] [ 41%] Built target rms_interfaces__rosidl_typesupport_cpp
[0.054s] [ 51%] Built target rms_interfaces__rosidl_typesupport_introspection_cpp
[0.054s] [ 61%] Built target rms_interfaces__rosidl_typesupport_fastrtps_cpp
[0.055s] [ 70%] Built target rms_interfaces__rosidl_typesupport_fastrtps_c
[0.067s] [ 70%] Built target rms_interfaces
[0.079s] [ 74%] Built target rms_interfaces__py
[0.086s] [35m[1mConsolidate compiler generated dependencies of target rms_interfaces__rosidl_generator_py[0m
[0.093s] [ 80%] Built target rms_interfaces__rosidl_generator_py
[0.100s] [35m[1mConsolidate compiler generated dependencies of target rms_interfaces__rosidl_typesupport_fastrtps_c__pyext[0m
[0.100s] [35m[1mConsolidate compiler generated dependencies of target rms_interfaces__rosidl_typesupport_introspection_c__pyext[0m
[0.100s] [35m[1mConsolidate compiler generated dependencies of target rms_interfaces__rosidl_typesupport_c__pyext[0m
[0.108s] [ 87%] Built target rms_interfaces__rosidl_typesupport_introspection_c__pyext
[0.108s] [ 93%] Built target rms_interfaces__rosidl_typesupport_fastrtps_c__pyext
[0.108s] [100%] Built target rms_interfaces__rosidl_typesupport_c__pyext
[0.168s] running egg_info
[0.169s] writing rms_interfaces.egg-info/PKG-INFO
[0.169s] writing dependency_links to rms_interfaces.egg-info/dependency_links.txt
[0.169s] writing top-level names to rms_interfaces.egg-info/top_level.txt
[0.170s] reading manifest file 'rms_interfaces.egg-info/SOURCES.txt'
[0.170s] writing manifest file 'rms_interfaces.egg-info/SOURCES.txt'
[0.184s] [100%] Built target ament_cmake_python_build_rms_interfaces_egg
[0.192s] Invoked command in '/home/marcel/studies/2_sem_mgr/RPE_lab/EX5/ros2_ws/build/rms_interfaces' returned '0': CMAKE_PREFIX_PATH=${CMAKE_PREFIX_PATH}:/home/marcel/studies/2_sem_mgr/RPE_lab/EX5/ros2_ws/install/rms_package:/home/marcel/studies/2_sem_mgr/RPE_lab/EX4/ros2_ws/install/signalPackage:/home/marcel/ros2_ws/install/my_robot_controller:/opt/ros/humble /usr/bin/cmake --build /home/marcel/studies/2_sem_mgr/RPE_lab/EX5/ros2_ws/build/rms_interfaces -- -j16 -l16
[0.236s] Invoking command in '/home/marcel/studies/2_sem_mgr/RPE_lab/EX5/ros2_ws/build/rms_interfaces': CMAKE_PREFIX_PATH=${CMAKE_PREFIX_PATH}:/home/marcel/studies/2_sem_mgr/RPE_lab/EX5/ros2_ws/install/rms_package:/home/marcel/studies/2_sem_mgr/RPE_lab/EX4/ros2_ws/install/signalPackage:/home/marcel/ros2_ws/install/my_robot_controller:/opt/ros/humble /usr/bin/cmake --install /home/marcel/studies/2_sem_mgr/RPE_lab/EX5/ros2_ws/build/rms_interfaces
[0.240s] -- Install configuration: ""
[0.240s] -- Up-to-date: /home/marcel/studies/2_sem_mgr/RPE_lab/EX5/ros2_ws/install/rms_interfaces/share/ament_index/resource_index/rosidl_interfaces/rms_interfaces
[0.240s] -- Up-to-date: /home/marcel/studies/2_sem_mgr/RPE_lab/EX5/ros2_ws/install/rms_interfaces/include/rms_interfaces/rms_interfaces
[0.240s] -- Up-to-date: /home/marcel/studies/2_sem_mgr/RPE_lab/EX5/ros2_ws/install/rms_interfaces/include/rms_interfaces/rms_interfaces/msg
[0.240s] -- Up-to-date: /home/marcel/studies/2_sem_mgr/RPE_lab/EX5/ros2_ws/install/rms_interfaces/include/rms_interfaces/rms_interfaces/msg/rosidl_generator_c__visibility_control.h
[0.241s] -- Up-to-date: /home/marcel/studies/2_sem_mgr/RPE_lab/EX5/ros2_ws/install/rms_interfaces/include/rms_interfaces/rms_interfaces/srv
[0.241s] -- Up-to-date: /home/marcel/studies/2_sem_mgr/RPE_lab/EX5/ros2_ws/install/rms_interfaces/include/rms_interfaces/rms_interfaces/srv/detail
[0.241s] -- Up-to-date: /home/marcel/studies/2_sem_mgr/RPE_lab/EX5/ros2_ws/install/rms_interfaces/include/rms_interfaces/rms_interfaces/srv/detail/component_error__functions.h
[0.241s] -- Up-to-date: /home/marcel/studies/2_sem_mgr/RPE_lab/EX5/ros2_ws/install/rms_interfaces/include/rms_interfaces/rms_interfaces/srv/detail/component_error__type_support.h
[0.241s] -- Up-to-date: /home/marcel/studies/2_sem_mgr/RPE_lab/EX5/ros2_ws/install/rms_interfaces/include/rms_interfaces/rms_interfaces/srv/detail/component_error__functions.c
[0.241s] -- Up-to-date: /home/marcel/studies/2_sem_mgr/RPE_lab/EX5/ros2_ws/install/rms_interfaces/include/rms_interfaces/rms_interfaces/srv/detail/component_error__struct.h
[0.241s] -- Up-to-date: /home/marcel/studies/2_sem_mgr/RPE_lab/EX5/ros2_ws/install/rms_interfaces/include/rms_interfaces/rms_interfaces/srv/component_error.h
[0.241s] -- Up-to-date: /home/marcel/studies/2_sem_mgr/RPE_lab/EX5/ros2_ws/install/rms_interfaces/share/rms_interfaces/environment/library_path.sh
[0.241s] -- Up-to-date: /home/marcel/studies/2_sem_mgr/RPE_lab/EX5/ros2_ws/install/rms_interfaces/share/rms_interfaces/environment/library_path.dsv
[0.241s] -- Up-to-date: /home/marcel/studies/2_sem_mgr/RPE_lab/EX5/ros2_ws/install/rms_interfaces/lib/librms_interfaces__rosidl_generator_c.so
[0.241s] -- Up-to-date: /home/marcel/studies/2_sem_mgr/RPE_lab/EX5/ros2_ws/install/rms_interfaces/include/rms_interfaces/rms_interfaces
[0.241s] -- Up-to-date: /home/marcel/studies/2_sem_mgr/RPE_lab/EX5/ros2_ws/install/rms_interfaces/include/rms_interfaces/rms_interfaces/msg
[0.241s] -- Up-to-date: /home/marcel/studies/2_sem_mgr/RPE_lab/EX5/ros2_ws/install/rms_interfaces/include/rms_interfaces/rms_interfaces/msg/rosidl_typesupport_fastrtps_c__visibility_control.h
[0.241s] -- Up-to-date: /home/marcel/studies/2_sem_mgr/RPE_lab/EX5/ros2_ws/install/rms_interfaces/include/rms_interfaces/rms_interfaces/srv
[0.241s] -- Up-to-date: /home/marcel/studies/2_sem_mgr/RPE_lab/EX5/ros2_ws/install/rms_interfaces/include/rms_interfaces/rms_interfaces/srv/detail
[0.241s] -- Up-to-date: /home/marcel/studies/2_sem_mgr/RPE_lab/EX5/ros2_ws/install/rms_interfaces/include/rms_interfaces/rms_interfaces/srv/detail/component_error__rosidl_typesupport_fastrtps_c.h
[0.241s] -- Up-to-date: /home/marcel/studies/2_sem_mgr/RPE_lab/EX5/ros2_ws/install/rms_interfaces/lib/librms_interfaces__rosidl_typesupport_fastrtps_c.so
[0.241s] -- Up-to-date: /home/marcel/studies/2_sem_mgr/RPE_lab/EX5/ros2_ws/install/rms_interfaces/include/rms_interfaces/rms_interfaces
[0.241s] -- Up-to-date: /home/marcel/studies/2_sem_mgr/RPE_lab/EX5/ros2_ws/install/rms_interfaces/include/rms_interfaces/rms_interfaces/msg
[0.241s] -- Up-to-date: /home/marcel/studies/2_sem_mgr/RPE_lab/EX5/ros2_ws/install/rms_interfaces/include/rms_interfaces/rms_interfaces/msg/rosidl_typesupport_introspection_c__visibility_control.h
[0.241s] -- Up-to-date: /home/marcel/studies/2_sem_mgr/RPE_lab/EX5/ros2_ws/install/rms_interfaces/include/rms_interfaces/rms_interfaces/srv
[0.241s] -- Up-to-date: /home/marcel/studies/2_sem_mgr/RPE_lab/EX5/ros2_ws/install/rms_interfaces/include/rms_interfaces/rms_interfaces/srv/detail
[0.241s] -- Up-to-date: /home/marcel/studies/2_sem_mgr/RPE_lab/EX5/ros2_ws/install/rms_interfaces/include/rms_interfaces/rms_interfaces/srv/detail/component_error__rosidl_typesupport_introspection_c.h
[0.241s] -- Up-to-date: /home/marcel/studies/2_sem_mgr/RPE_lab/EX5/ros2_ws/install/rms_interfaces/include/rms_interfaces/rms_interfaces/srv/detail/component_error__type_support.c
[0.241s] -- Up-to-date: /home/marcel/studies/2_sem_mgr/RPE_lab/EX5/ros2_ws/install/rms_interfaces/lib/librms_interfaces__rosidl_typesupport_introspection_c.so
[0.242s] -- Up-to-date: /home/marcel/studies/2_sem_mgr/RPE_lab/EX5/ros2_ws/install/rms_interfaces/lib/librms_interfaces__rosidl_typesupport_c.so
[0.242s] -- Up-to-date: /home/marcel/studies/2_sem_mgr/RPE_lab/EX5/ros2_ws/install/rms_interfaces/include/rms_interfaces/rms_interfaces
[0.242s] -- Up-to-date: /home/marcel/studies/2_sem_mgr/RPE_lab/EX5/ros2_ws/install/rms_interfaces/include/rms_interfaces/rms_interfaces/srv
[0.242s] -- Up-to-date: /home/marcel/studies/2_sem_mgr/RPE_lab/EX5/ros2_ws/install/rms_interfaces/include/rms_interfaces/rms_interfaces/srv/detail
[0.242s] -- Up-to-date: /home/marcel/studies/2_sem_mgr/RPE_lab/EX5/ros2_ws/install/rms_interfaces/include/rms_interfaces/rms_interfaces/srv/detail/component_error__builder.hpp
[0.242s] -- Up-to-date: /home/marcel/studies/2_sem_mgr/RPE_lab/EX5/ros2_ws/install/rms_interfaces/include/rms_interfaces/rms_interfaces/srv/detail/component_error__struct.hpp
[0.242s] -- Up-to-date: /home/marcel/studies/2_sem_mgr/RPE_lab/EX5/ros2_ws/install/rms_interfaces/include/rms_interfaces/rms_interfaces/srv/detail/component_error__traits.hpp
[0.242s] -- Up-to-date: /home/marcel/studies/2_sem_mgr/RPE_lab/EX5/ros2_ws/install/rms_interfaces/include/rms_interfaces/rms_interfaces/srv/component_error.hpp
[0.242s] -- Up-to-date: /home/marcel/studies/2_sem_mgr/RPE_lab/EX5/ros2_ws/install/rms_interfaces/include/rms_interfaces/rms_interfaces
[0.242s] -- Up-to-date: /home/marcel/studies/2_sem_mgr/RPE_lab/EX5/ros2_ws/install/rms_interfaces/include/rms_interfaces/rms_interfaces/msg
[0.242s] -- Up-to-date: /home/marcel/studies/2_sem_mgr/RPE_lab/EX5/ros2_ws/install/rms_interfaces/include/rms_interfaces/rms_interfaces/msg/rosidl_typesupport_fastrtps_cpp__visibility_control.h
[0.242s] -- Up-to-date: /home/marcel/studies/2_sem_mgr/RPE_lab/EX5/ros2_ws/install/rms_interfaces/include/rms_interfaces/rms_interfaces/srv
[0.242s] -- Up-to-date: /home/marcel/studies/2_sem_mgr/RPE_lab/EX5/ros2_ws/install/rms_interfaces/include/rms_interfaces/rms_interfaces/srv/detail
[0.242s] -- Up-to-date: /home/marcel/studies/2_sem_mgr/RPE_lab/EX5/ros2_ws/install/rms_interfaces/include/rms_interfaces/rms_interfaces/srv/detail/component_error__rosidl_typesupport_fastrtps_cpp.hpp
[0.242s] -- Up-to-date: /home/marcel/studies/2_sem_mgr/RPE_lab/EX5/ros2_ws/install/rms_interfaces/include/rms_interfaces/rms_interfaces/srv/detail/dds_fastrtps
[0.242s] -- Up-to-date: /home/marcel/studies/2_sem_mgr/RPE_lab/EX5/ros2_ws/install/rms_interfaces/lib/librms_interfaces__rosidl_typesupport_fastrtps_cpp.so
[0.242s] -- Up-to-date: /home/marcel/studies/2_sem_mgr/RPE_lab/EX5/ros2_ws/install/rms_interfaces/include/rms_interfaces/rms_interfaces
[0.242s] -- Up-to-date: /home/marcel/studies/2_sem_mgr/RPE_lab/EX5/ros2_ws/install/rms_interfaces/include/rms_interfaces/rms_interfaces/srv
[0.242s] -- Up-to-date: /home/marcel/studies/2_sem_mgr/RPE_lab/EX5/ros2_ws/install/rms_interfaces/include/rms_interfaces/rms_interfaces/srv/detail
[0.242s] -- Up-to-date: /home/marcel/studies/2_sem_mgr/RPE_lab/EX5/ros2_ws/install/rms_interfaces/include/rms_interfaces/rms_interfaces/srv/detail/component_error__type_support.cpp
[0.242s] -- Up-to-date: /home/marcel/studies/2_sem_mgr/RPE_lab/EX5/ros2_ws/install/rms_interfaces/include/rms_interfaces/rms_interfaces/srv/detail/component_error__rosidl_typesupport_introspection_cpp.hpp
[0.242s] -- Up-to-date: /home/marcel/studies/2_sem_mgr/RPE_lab/EX5/ros2_ws/install/rms_interfaces/lib/librms_interfaces__rosidl_typesupport_introspection_cpp.so
[0.243s] -- Up-to-date: /home/marcel/studies/2_sem_mgr/RPE_lab/EX5/ros2_ws/install/rms_interfaces/lib/librms_interfaces__rosidl_typesupport_cpp.so
[0.243s] -- Up-to-date: /home/marcel/studies/2_sem_mgr/RPE_lab/EX5/ros2_ws/install/rms_interfaces/share/rms_interfaces/environment/pythonpath.sh
[0.243s] -- Up-to-date: /home/marcel/studies/2_sem_mgr/RPE_lab/EX5/ros2_ws/install/rms_interfaces/share/rms_interfaces/environment/pythonpath.dsv
[0.243s] -- Up-to-date: /home/marcel/studies/2_sem_mgr/RPE_lab/EX5/ros2_ws/install/rms_interfaces/local/lib/python3.10/dist-packages/rms_interfaces-0.0.0-py3.10.egg-info
[0.243s] -- Installing: /home/marcel/studies/2_sem_mgr/RPE_lab/EX5/ros2_ws/install/rms_interfaces/local/lib/python3.10/dist-packages/rms_interfaces-0.0.0-py3.10.egg-info/top_level.txt
[0.243s] -- Installing: /home/marcel/studies/2_sem_mgr/RPE_lab/EX5/ros2_ws/install/rms_interfaces/local/lib/python3.10/dist-packages/rms_interfaces-0.0.0-py3.10.egg-info/PKG-INFO
[0.243s] -- Installing: /home/marcel/studies/2_sem_mgr/RPE_lab/EX5/ros2_ws/install/rms_interfaces/local/lib/python3.10/dist-packages/rms_interfaces-0.0.0-py3.10.egg-info/dependency_links.txt
[0.243s] -- Installing: /home/marcel/studies/2_sem_mgr/RPE_lab/EX5/ros2_ws/install/rms_interfaces/local/lib/python3.10/dist-packages/rms_interfaces-0.0.0-py3.10.egg-info/SOURCES.txt
[0.243s] -- Up-to-date: /home/marcel/studies/2_sem_mgr/RPE_lab/EX5/ros2_ws/install/rms_interfaces/local/lib/python3.10/dist-packages/rms_interfaces
[0.243s] -- Up-to-date: /home/marcel/studies/2_sem_mgr/RPE_lab/EX5/ros2_ws/install/rms_interfaces/local/lib/python3.10/dist-packages/rms_interfaces/_rms_interfaces_s.ep.rosidl_typesupport_introspection_c.c
[0.243s] -- Up-to-date: /home/marcel/studies/2_sem_mgr/RPE_lab/EX5/ros2_ws/install/rms_interfaces/local/lib/python3.10/dist-packages/rms_interfaces/rms_interfaces_s__rosidl_typesupport_c.cpython-310-x86_64-linux-gnu.so
[0.243s] -- Up-to-date: /home/marcel/studies/2_sem_mgr/RPE_lab/EX5/ros2_ws/install/rms_interfaces/local/lib/python3.10/dist-packages/rms_interfaces/_rms_interfaces_s.ep.rosidl_typesupport_c.c
[0.243s] -- Up-to-date: /home/marcel/studies/2_sem_mgr/RPE_lab/EX5/ros2_ws/install/rms_interfaces/local/lib/python3.10/dist-packages/rms_interfaces/librms_interfaces__rosidl_generator_py.so
[0.243s] -- Up-to-date: /home/marcel/studies/2_sem_mgr/RPE_lab/EX5/ros2_ws/install/rms_interfaces/local/lib/python3.10/dist-packages/rms_interfaces/rms_interfaces_s__rosidl_typesupport_introspection_c.cpython-310-x86_64-linux-gnu.so
[0.243s] -- Up-to-date: /home/marcel/studies/2_sem_mgr/RPE_lab/EX5/ros2_ws/install/rms_interfaces/local/lib/python3.10/dist-packages/rms_interfaces/_rms_interfaces_s.ep.rosidl_typesupport_fastrtps_c.c
[0.243s] -- Up-to-date: /home/marcel/studies/2_sem_mgr/RPE_lab/EX5/ros2_ws/install/rms_interfaces/local/lib/python3.10/dist-packages/rms_interfaces/srv
[0.243s] -- Up-to-date: /home/marcel/studies/2_sem_mgr/RPE_lab/EX5/ros2_ws/install/rms_interfaces/local/lib/python3.10/dist-packages/rms_interfaces/srv/__init__.py
[0.244s] -- Up-to-date: /home/marcel/studies/2_sem_mgr/RPE_lab/EX5/ros2_ws/install/rms_interfaces/local/lib/python3.10/dist-packages/rms_interfaces/srv/_component_error_s.c
[0.244s] -- Up-to-date: /home/marcel/studies/2_sem_mgr/RPE_lab/EX5/ros2_ws/install/rms_interfaces/local/lib/python3.10/dist-packages/rms_interfaces/srv/_component_error.py
[0.244s] -- Up-to-date: /home/marcel/studies/2_sem_mgr/RPE_lab/EX5/ros2_ws/install/rms_interfaces/local/lib/python3.10/dist-packages/rms_interfaces/rms_interfaces_s__rosidl_typesupport_fastrtps_c.cpython-310-x86_64-linux-gnu.so
[0.244s] -- Up-to-date: /home/marcel/studies/2_sem_mgr/RPE_lab/EX5/ros2_ws/install/rms_interfaces/local/lib/python3.10/dist-packages/rms_interfaces/__init__.py
[0.262s] Listing '/home/marcel/studies/2_sem_mgr/RPE_lab/EX5/ros2_ws/install/rms_interfaces/local/lib/python3.10/dist-packages/rms_interfaces'...
[0.262s] Listing '/home/marcel/studies/2_sem_mgr/RPE_lab/EX5/ros2_ws/install/rms_interfaces/local/lib/python3.10/dist-packages/rms_interfaces/srv'...
[0.265s] -- Up-to-date: /home/marcel/studies/2_sem_mgr/RPE_lab/EX5/ros2_ws/install/rms_interfaces/local/lib/python3.10/dist-packages/rms_interfaces/rms_interfaces_s__rosidl_typesupport_fastrtps_c.cpython-310-x86_64-linux-gnu.so
[0.265s] -- Up-to-date: /home/marcel/studies/2_sem_mgr/RPE_lab/EX5/ros2_ws/install/rms_interfaces/local/lib/python3.10/dist-packages/rms_interfaces/rms_interfaces_s__rosidl_typesupport_introspection_c.cpython-310-x86_64-linux-gnu.so
[0.265s] -- Up-to-date: /home/marcel/studies/2_sem_mgr/RPE_lab/EX5/ros2_ws/install/rms_interfaces/local/lib/python3.10/dist-packages/rms_interfaces/rms_interfaces_s__rosidl_typesupport_c.cpython-310-x86_64-linux-gnu.so
[0.265s] -- Up-to-date: /home/marcel/studies/2_sem_mgr/RPE_lab/EX5/ros2_ws/install/rms_interfaces/lib/librms_interfaces__rosidl_generator_py.so
[0.265s] -- Up-to-date: /home/marcel/studies/2_sem_mgr/RPE_lab/EX5/ros2_ws/install/rms_interfaces/share/rms_interfaces/srv/ComponentError.idl
[0.266s] -- Up-to-date: /home/marcel/studies/2_sem_mgr/RPE_lab/EX5/ros2_ws/install/rms_interfaces/share/rms_interfaces/srv/ComponentError.srv
[0.266s] -- Up-to-date: /home/marcel/studies/2_sem_mgr/RPE_lab/EX5/ros2_ws/install/rms_interfaces/share/rms_interfaces/srv/ComponentError_Request.msg
[0.266s] -- Up-to-date: /home/marcel/studies/2_sem_mgr/RPE_lab/EX5/ros2_ws/install/rms_interfaces/share/rms_interfaces/srv/ComponentError_Response.msg
[0.266s] -- Up-to-date: /home/marcel/studies/2_sem_mgr/RPE_lab/EX5/ros2_ws/install/rms_interfaces/share/ament_index/resource_index/package_run_dependencies/rms_interfaces
[0.266s] -- Up-to-date: /home/marcel/studies/2_sem_mgr/RPE_lab/EX5/ros2_ws/install/rms_interfaces/share/ament_index/resource_index/parent_prefix_path/rms_interfaces
[0.266s] -- Up-to-date: /home/marcel/studies/2_sem_mgr/RPE_lab/EX5/ros2_ws/install/rms_interfaces/share/rms_interfaces/environment/ament_prefix_path.sh
[0.266s] -- Up-to-date: /home/marcel/studies/2_sem_mgr/RPE_lab/EX5/ros2_ws/install/rms_interfaces/share/rms_interfaces/environment/ament_prefix_path.dsv
[0.266s] -- Up-to-date: /home/marcel/studies/2_sem_mgr/RPE_lab/EX5/ros2_ws/install/rms_interfaces/share/rms_interfaces/environment/path.sh
[0.266s] -- Up-to-date: /home/marcel/studies/2_sem_mgr/RPE_lab/EX5/ros2_ws/install/rms_interfaces/share/rms_interfaces/environment/path.dsv
[0.266s] -- Up-to-date: /home/marcel/studies/2_sem_mgr/RPE_lab/EX5/ros2_ws/install/rms_interfaces/share/rms_interfaces/local_setup.bash
[0.266s] -- Up-to-date: /home/marcel/studies/2_sem_mgr/RPE_lab/EX5/ros2_ws/install/rms_interfaces/share/rms_interfaces/local_setup.sh
[0.266s] -- Up-to-date: /home/marcel/studies/2_sem_mgr/RPE_lab/EX5/ros2_ws/install/rms_interfaces/share/rms_interfaces/local_setup.zsh
[0.266s] -- Up-to-date: /home/marcel/studies/2_sem_mgr/RPE_lab/EX5/ros2_ws/install/rms_interfaces/share/rms_interfaces/local_setup.dsv
[0.266s] -- Installing: /home/marcel/studies/2_sem_mgr/RPE_lab/EX5/ros2_ws/install/rms_interfaces/share/rms_interfaces/package.dsv
[0.266s] -- Up-to-date: /home/marcel/studies/2_sem_mgr/RPE_lab/EX5/ros2_ws/install/rms_interfaces/share/ament_index/resource_index/packages/rms_interfaces
[0.266s] -- Up-to-date: /home/marcel/studies/2_sem_mgr/RPE_lab/EX5/ros2_ws/install/rms_interfaces/share/rms_interfaces/cmake/export_rms_interfaces__rosidl_generator_cExport.cmake
[0.266s] -- Up-to-date: /home/marcel/studies/2_sem_mgr/RPE_lab/EX5/ros2_ws/install/rms_interfaces/share/rms_interfaces/cmake/export_rms_interfaces__rosidl_generator_cExport-noconfig.cmake
[0.266s] -- Up-to-date: /home/marcel/studies/2_sem_mgr/RPE_lab/EX5/ros2_ws/install/rms_interfaces/share/rms_interfaces/cmake/export_rms_interfaces__rosidl_typesupport_fastrtps_cExport.cmake
[0.266s] -- Up-to-date: /home/marcel/studies/2_sem_mgr/RPE_lab/EX5/ros2_ws/install/rms_interfaces/share/rms_interfaces/cmake/export_rms_interfaces__rosidl_typesupport_fastrtps_cExport-noconfig.cmake
[0.266s] -- Up-to-date: /home/marcel/studies/2_sem_mgr/RPE_lab/EX5/ros2_ws/install/rms_interfaces/share/rms_interfaces/cmake/rms_interfaces__rosidl_typesupport_introspection_cExport.cmake
[0.266s] -- Up-to-date: /home/marcel/studies/2_sem_mgr/RPE_lab/EX5/ros2_ws/install/rms_interfaces/share/rms_interfaces/cmake/rms_interfaces__rosidl_typesupport_introspection_cExport-noconfig.cmake
[0.266s] -- Up-to-date: /home/marcel/studies/2_sem_mgr/RPE_lab/EX5/ros2_ws/install/rms_interfaces/share/rms_interfaces/cmake/rms_interfaces__rosidl_typesupport_cExport.cmake
[0.266s] -- Up-to-date: /home/marcel/studies/2_sem_mgr/RPE_lab/EX5/ros2_ws/install/rms_interfaces/share/rms_interfaces/cmake/rms_interfaces__rosidl_typesupport_cExport-noconfig.cmake
[0.266s] -- Up-to-date: /home/marcel/studies/2_sem_mgr/RPE_lab/EX5/ros2_ws/install/rms_interfaces/share/rms_interfaces/cmake/export_rms_interfaces__rosidl_generator_cppExport.cmake
[0.266s] -- Up-to-date: /home/marcel/studies/2_sem_mgr/RPE_lab/EX5/ros2_ws/install/rms_interfaces/share/rms_interfaces/cmake/export_rms_interfaces__rosidl_typesupport_fastrtps_cppExport.cmake
[0.267s] -- Up-to-date: /home/marcel/studies/2_sem_mgr/RPE_lab/EX5/ros2_ws/install/rms_interfaces/share/rms_interfaces/cmake/export_rms_interfaces__rosidl_typesupport_fastrtps_cppExport-noconfig.cmake
[0.267s] -- Up-to-date: /home/marcel/studies/2_sem_mgr/RPE_lab/EX5/ros2_ws/install/rms_interfaces/share/rms_interfaces/cmake/rms_interfaces__rosidl_typesupport_introspection_cppExport.cmake
[0.267s] -- Up-to-date: /home/marcel/studies/2_sem_mgr/RPE_lab/EX5/ros2_ws/install/rms_interfaces/share/rms_interfaces/cmake/rms_interfaces__rosidl_typesupport_introspection_cppExport-noconfig.cmake
[0.267s] -- Up-to-date: /home/marcel/studies/2_sem_mgr/RPE_lab/EX5/ros2_ws/install/rms_interfaces/share/rms_interfaces/cmake/rms_interfaces__rosidl_typesupport_cppExport.cmake
[0.267s] -- Up-to-date: /home/marcel/studies/2_sem_mgr/RPE_lab/EX5/ros2_ws/install/rms_interfaces/share/rms_interfaces/cmake/rms_interfaces__rosidl_typesupport_cppExport-noconfig.cmake
[0.267s] -- Up-to-date: /home/marcel/studies/2_sem_mgr/RPE_lab/EX5/ros2_ws/install/rms_interfaces/share/rms_interfaces/cmake/export_rms_interfaces__rosidl_generator_pyExport.cmake
[0.267s] -- Up-to-date: /home/marcel/studies/2_sem_mgr/RPE_lab/EX5/ros2_ws/install/rms_interfaces/share/rms_interfaces/cmake/export_rms_interfaces__rosidl_generator_pyExport-noconfig.cmake
[0.267s] -- Up-to-date: /home/marcel/studies/2_sem_mgr/RPE_lab/EX5/ros2_ws/install/rms_interfaces/share/rms_interfaces/cmake/rosidl_cmake-extras.cmake
[0.267s] -- Up-to-date: /home/marcel/studies/2_sem_mgr/RPE_lab/EX5/ros2_ws/install/rms_interfaces/share/rms_interfaces/cmake/ament_cmake_export_include_directories-extras.cmake
[0.267s] -- Up-to-date: /home/marcel/studies/2_sem_mgr/RPE_lab/EX5/ros2_ws/install/rms_interfaces/share/rms_interfaces/cmake/ament_cmake_export_libraries-extras.cmake
[0.267s] -- Up-to-date: /home/marcel/studies/2_sem_mgr/RPE_lab/EX5/ros2_ws/install/rms_interfaces/share/rms_interfaces/cmake/ament_cmake_export_targets-extras.cmake
[0.267s] -- Up-to-date: /home/marcel/studies/2_sem_mgr/RPE_lab/EX5/ros2_ws/install/rms_interfaces/share/rms_interfaces/cmake/rosidl_cmake_export_typesupport_targets-extras.cmake
[0.267s] -- Up-to-date: /home/marcel/studies/2_sem_mgr/RPE_lab/EX5/ros2_ws/install/rms_interfaces/share/rms_interfaces/cmake/ament_cmake_export_dependencies-extras.cmake
[0.267s] -- Up-to-date: /home/marcel/studies/2_sem_mgr/RPE_lab/EX5/ros2_ws/install/rms_interfaces/share/rms_interfaces/cmake/rosidl_cmake_export_typesupport_libraries-extras.cmake
[0.267s] -- Up-to-date: /home/marcel/studies/2_sem_mgr/RPE_lab/EX5/ros2_ws/install/rms_interfaces/share/rms_interfaces/cmake/rms_interfacesConfig.cmake
[0.267s] -- Up-to-date: /home/marcel/studies/2_sem_mgr/RPE_lab/EX5/ros2_ws/install/rms_interfaces/share/rms_interfaces/cmake/rms_interfacesConfig-version.cmake
[0.267s] -- Up-to-date: /home/marcel/studies/2_sem_mgr/RPE_lab/EX5/ros2_ws/install/rms_interfaces/share/rms_interfaces/package.xml
[0.268s] Invoked command in '/home/marcel/studies/2_sem_mgr/RPE_lab/EX5/ros2_ws/build/rms_interfaces' returned '0': CMAKE_PREFIX_PATH=${CMAKE_PREFIX_PATH}:/home/marcel/studies/2_sem_mgr/RPE_lab/EX5/ros2_ws/install/rms_package:/home/marcel/studies/2_sem_mgr/RPE_lab/EX4/ros2_ws/install/signalPackage:/home/marcel/ros2_ws/install/my_robot_controller:/opt/ros/humble /usr/bin/cmake --install /home/marcel/studies/2_sem_mgr/RPE_lab/EX5/ros2_ws/build/rms_interfaces
