[35m[1mConsolidate compiler generated dependencies of target rms_interfaces__rosidl_generator_c[0m
[  2%] Built target rms_interfaces__cpp
[ 12%] Built target rms_interfaces__rosidl_generator_c
[ 12%] Built target ament_cmake_python_copy_rms_interfaces
[35m[1mConsolidate compiler generated dependencies of target rms_interfaces__rosidl_typesupport_cpp[0m
[35m[1mConsolidate compiler generated dependencies of target rms_interfaces__rosidl_typesupport_fastrtps_cpp[0m
[35m[1mConsolidate compiler generated dependencies of target rms_interfaces__rosidl_typesupport_introspection_cpp[0m
[35m[1mConsolidate compiler generated dependencies of target rms_interfaces__rosidl_typesupport_c[0m
[35m[1mConsolidate compiler generated dependencies of target rms_interfaces__rosidl_typesupport_introspection_c[0m
[35m[1mConsolidate compiler generated dependencies of target rms_interfaces__rosidl_typesupport_fastrtps_c[0m
[ 23%] Built target rms_interfaces__rosidl_typesupport_c
[ 33%] Built target rms_interfaces__rosidl_typesupport_introspection_c
[ 43%] Built target rms_interfaces__rosidl_typesupport_cpp
[ 53%] Built target rms_interfaces__rosidl_typesupport_introspection_cpp
[ 64%] Built target rms_interfaces__rosidl_typesupport_fastrtps_cpp
[ 74%] Built target rms_interfaces__rosidl_typesupport_fastrtps_c
[ 74%] Built target rms_interfaces
[ 76%] Built target rms_interfaces__py
[35m[1mConsolidate compiler generated dependencies of target rms_interfaces__rosidl_generator_py[0m
[ 84%] Built target rms_interfaces__rosidl_generator_py
[35m[1mConsolidate compiler generated dependencies of target rms_interfaces__rosidl_typesupport_fastrtps_c__pyext[0m
[35m[1mConsolidate compiler generated dependencies of target rms_interfaces__rosidl_typesupport_introspection_c__pyext[0m
[35m[1mConsolidate compiler generated dependencies of target rms_interfaces__rosidl_typesupport_c__pyext[0m
[ 89%] Built target rms_interfaces__rosidl_typesupport_fastrtps_c__pyext
[ 94%] Built target rms_interfaces__rosidl_typesupport_introspection_c__pyext
[100%] Built target rms_interfaces__rosidl_typesupport_c__pyext
running egg_info
writing rms_interfaces.egg-info/PKG-INFO
writing dependency_links to rms_interfaces.egg-info/dependency_links.txt
writing top-level names to rms_interfaces.egg-info/top_level.txt
reading manifest file 'rms_interfaces.egg-info/SOURCES.txt'
writing manifest file 'rms_interfaces.egg-info/SOURCES.txt'
[100%] Built target ament_cmake_python_build_rms_interfaces_egg
-- Install configuration: ""
-- Up-to-date: /home/marcel/studies/2_sem_mgr/RPE_lab/EX5/ros2_ws/install/rms_interfaces/share/ament_index/resource_index/rosidl_interfaces/rms_interfaces
-- Up-to-date: /home/marcel/studies/2_sem_mgr/RPE_lab/EX5/ros2_ws/install/rms_interfaces/include/rms_interfaces/rms_interfaces
-- Up-to-date: /home/marcel/studies/2_sem_mgr/RPE_lab/EX5/ros2_ws/install/rms_interfaces/include/rms_interfaces/rms_interfaces/msg
-- Up-to-date: /home/marcel/studies/2_sem_mgr/RPE_lab/EX5/ros2_ws/install/rms_interfaces/include/rms_interfaces/rms_interfaces/msg/detail
-- Up-to-date: /home/marcel/studies/2_sem_mgr/RPE_lab/EX5/ros2_ws/install/rms_interfaces/include/rms_interfaces/rms_interfaces/msg/detail/sensor_state__functions.c
-- Up-to-date: /home/marcel/studies/2_sem_mgr/RPE_lab/EX5/ros2_ws/install/rms_interfaces/include/rms_interfaces/rms_interfaces/msg/detail/sensor_state__struct.h
-- Up-to-date: /home/marcel/studies/2_sem_mgr/RPE_lab/EX5/ros2_ws/install/rms_interfaces/include/rms_interfaces/rms_interfaces/msg/detail/sensor_state__type_support.h
-- Up-to-date: /home/marcel/studies/2_sem_mgr/RPE_lab/EX5/ros2_ws/install/rms_interfaces/include/rms_interfaces/rms_interfaces/msg/detail/sensor_state__functions.h
-- Up-to-date: /home/marcel/studies/2_sem_mgr/RPE_lab/EX5/ros2_ws/install/rms_interfaces/include/rms_interfaces/rms_interfaces/msg/rosidl_generator_c__visibility_control.h
-- Up-to-date: /home/marcel/studies/2_sem_mgr/RPE_lab/EX5/ros2_ws/install/rms_interfaces/include/rms_interfaces/rms_interfaces/msg/sensor_state.h
-- Up-to-date: /home/marcel/studies/2_sem_mgr/RPE_lab/EX5/ros2_ws/install/rms_interfaces/include/rms_interfaces/rms_interfaces/srv
-- Up-to-date: /home/marcel/studies/2_sem_mgr/RPE_lab/EX5/ros2_ws/install/rms_interfaces/include/rms_interfaces/rms_interfaces/srv/detail
-- Up-to-date: /home/marcel/studies/2_sem_mgr/RPE_lab/EX5/ros2_ws/install/rms_interfaces/include/rms_interfaces/rms_interfaces/srv/detail/component_error__functions.h
-- Up-to-date: /home/marcel/studies/2_sem_mgr/RPE_lab/EX5/ros2_ws/install/rms_interfaces/include/rms_interfaces/rms_interfaces/srv/detail/component_error__type_support.h
-- Up-to-date: /home/marcel/studies/2_sem_mgr/RPE_lab/EX5/ros2_ws/install/rms_interfaces/include/rms_interfaces/rms_interfaces/srv/detail/component_error__functions.c
-- Up-to-date: /home/marcel/studies/2_sem_mgr/RPE_lab/EX5/ros2_ws/install/rms_interfaces/include/rms_interfaces/rms_interfaces/srv/detail/component_error__struct.h
-- Up-to-date: /home/marcel/studies/2_sem_mgr/RPE_lab/EX5/ros2_ws/install/rms_interfaces/include/rms_interfaces/rms_interfaces/srv/component_error.h
-- Up-to-date: /home/marcel/studies/2_sem_mgr/RPE_lab/EX5/ros2_ws/install/rms_interfaces/share/rms_interfaces/environment/library_path.sh
-- Up-to-date: /home/marcel/studies/2_sem_mgr/RPE_lab/EX5/ros2_ws/install/rms_interfaces/share/rms_interfaces/environment/library_path.dsv
-- Up-to-date: /home/marcel/studies/2_sem_mgr/RPE_lab/EX5/ros2_ws/install/rms_interfaces/lib/librms_interfaces__rosidl_generator_c.so
-- Up-to-date: /home/marcel/studies/2_sem_mgr/RPE_lab/EX5/ros2_ws/install/rms_interfaces/include/rms_interfaces/rms_interfaces
-- Up-to-date: /home/marcel/studies/2_sem_mgr/RPE_lab/EX5/ros2_ws/install/rms_interfaces/include/rms_interfaces/rms_interfaces/msg
-- Up-to-date: /home/marcel/studies/2_sem_mgr/RPE_lab/EX5/ros2_ws/install/rms_interfaces/include/rms_interfaces/rms_interfaces/msg/detail
-- Up-to-date: /home/marcel/studies/2_sem_mgr/RPE_lab/EX5/ros2_ws/install/rms_interfaces/include/rms_interfaces/rms_interfaces/msg/detail/sensor_state__rosidl_typesupport_fastrtps_c.h
-- Up-to-date: /home/marcel/studies/2_sem_mgr/RPE_lab/EX5/ros2_ws/install/rms_interfaces/include/rms_interfaces/rms_interfaces/msg/rosidl_typesupport_fastrtps_c__visibility_control.h
-- Up-to-date: /home/marcel/studies/2_sem_mgr/RPE_lab/EX5/ros2_ws/install/rms_interfaces/include/rms_interfaces/rms_interfaces/srv
-- Up-to-date: /home/marcel/studies/2_sem_mgr/RPE_lab/EX5/ros2_ws/install/rms_interfaces/include/rms_interfaces/rms_interfaces/srv/detail
-- Up-to-date: /home/marcel/studies/2_sem_mgr/RPE_lab/EX5/ros2_ws/install/rms_interfaces/include/rms_interfaces/rms_interfaces/srv/detail/component_error__rosidl_typesupport_fastrtps_c.h
-- Up-to-date: /home/marcel/studies/2_sem_mgr/RPE_lab/EX5/ros2_ws/install/rms_interfaces/lib/librms_interfaces__rosidl_typesupport_fastrtps_c.so
-- Up-to-date: /home/marcel/studies/2_sem_mgr/RPE_lab/EX5/ros2_ws/install/rms_interfaces/include/rms_interfaces/rms_interfaces
-- Up-to-date: /home/marcel/studies/2_sem_mgr/RPE_lab/EX5/ros2_ws/install/rms_interfaces/include/rms_interfaces/rms_interfaces/msg
-- Up-to-date: /home/marcel/studies/2_sem_mgr/RPE_lab/EX5/ros2_ws/install/rms_interfaces/include/rms_interfaces/rms_interfaces/msg/rosidl_typesupport_introspection_c__visibility_control.h
-- Up-to-date: /home/marcel/studies/2_sem_mgr/RPE_lab/EX5/ros2_ws/install/rms_interfaces/include/rms_interfaces/rms_interfaces/msg/detail
-- Up-to-date: /home/marcel/studies/2_sem_mgr/RPE_lab/EX5/ros2_ws/install/rms_interfaces/include/rms_interfaces/rms_interfaces/msg/detail/sensor_state__type_support.c
-- Up-to-date: /home/marcel/studies/2_sem_mgr/RPE_lab/EX5/ros2_ws/install/rms_interfaces/include/rms_interfaces/rms_interfaces/msg/detail/sensor_state__rosidl_typesupport_introspection_c.h
-- Up-to-date: /home/marcel/studies/2_sem_mgr/RPE_lab/EX5/ros2_ws/install/rms_interfaces/include/rms_interfaces/rms_interfaces/srv
-- Up-to-date: /home/marcel/studies/2_sem_mgr/RPE_lab/EX5/ros2_ws/install/rms_interfaces/include/rms_interfaces/rms_interfaces/srv/detail
-- Up-to-date: /home/marcel/studies/2_sem_mgr/RPE_lab/EX5/ros2_ws/install/rms_interfaces/include/rms_interfaces/rms_interfaces/srv/detail/component_error__rosidl_typesupport_introspection_c.h
-- Up-to-date: /home/marcel/studies/2_sem_mgr/RPE_lab/EX5/ros2_ws/install/rms_interfaces/include/rms_interfaces/rms_interfaces/srv/detail/component_error__type_support.c
-- Up-to-date: /home/marcel/studies/2_sem_mgr/RPE_lab/EX5/ros2_ws/install/rms_interfaces/lib/librms_interfaces__rosidl_typesupport_introspection_c.so
-- Up-to-date: /home/marcel/studies/2_sem_mgr/RPE_lab/EX5/ros2_ws/install/rms_interfaces/lib/librms_interfaces__rosidl_typesupport_c.so
-- Up-to-date: /home/marcel/studies/2_sem_mgr/RPE_lab/EX5/ros2_ws/install/rms_interfaces/include/rms_interfaces/rms_interfaces
-- Up-to-date: /home/marcel/studies/2_sem_mgr/RPE_lab/EX5/ros2_ws/install/rms_interfaces/include/rms_interfaces/rms_interfaces/msg
-- Up-to-date: /home/marcel/studies/2_sem_mgr/RPE_lab/EX5/ros2_ws/install/rms_interfaces/include/rms_interfaces/rms_interfaces/msg/detail
-- Up-to-date: /home/marcel/studies/2_sem_mgr/RPE_lab/EX5/ros2_ws/install/rms_interfaces/include/rms_interfaces/rms_interfaces/msg/detail/sensor_state__traits.hpp
-- Up-to-date: /home/marcel/studies/2_sem_mgr/RPE_lab/EX5/ros2_ws/install/rms_interfaces/include/rms_interfaces/rms_interfaces/msg/detail/sensor_state__builder.hpp
-- Up-to-date: /home/marcel/studies/2_sem_mgr/RPE_lab/EX5/ros2_ws/install/rms_interfaces/include/rms_interfaces/rms_interfaces/msg/detail/sensor_state__struct.hpp
-- Up-to-date: /home/marcel/studies/2_sem_mgr/RPE_lab/EX5/ros2_ws/install/rms_interfaces/include/rms_interfaces/rms_interfaces/msg/sensor_state.hpp
-- Up-to-date: /home/marcel/studies/2_sem_mgr/RPE_lab/EX5/ros2_ws/install/rms_interfaces/include/rms_interfaces/rms_interfaces/srv
-- Up-to-date: /home/marcel/studies/2_sem_mgr/RPE_lab/EX5/ros2_ws/install/rms_interfaces/include/rms_interfaces/rms_interfaces/srv/detail
-- Up-to-date: /home/marcel/studies/2_sem_mgr/RPE_lab/EX5/ros2_ws/install/rms_interfaces/include/rms_interfaces/rms_interfaces/srv/detail/component_error__builder.hpp
-- Up-to-date: /home/marcel/studies/2_sem_mgr/RPE_lab/EX5/ros2_ws/install/rms_interfaces/include/rms_interfaces/rms_interfaces/srv/detail/component_error__struct.hpp
-- Up-to-date: /home/marcel/studies/2_sem_mgr/RPE_lab/EX5/ros2_ws/install/rms_interfaces/include/rms_interfaces/rms_interfaces/srv/detail/component_error__traits.hpp
-- Up-to-date: /home/marcel/studies/2_sem_mgr/RPE_lab/EX5/ros2_ws/install/rms_interfaces/include/rms_interfaces/rms_interfaces/srv/component_error.hpp
-- Up-to-date: /home/marcel/studies/2_sem_mgr/RPE_lab/EX5/ros2_ws/install/rms_interfaces/include/rms_interfaces/rms_interfaces
-- Up-to-date: /home/marcel/studies/2_sem_mgr/RPE_lab/EX5/ros2_ws/install/rms_interfaces/include/rms_interfaces/rms_interfaces/msg
-- Up-to-date: /home/marcel/studies/2_sem_mgr/RPE_lab/EX5/ros2_ws/install/rms_interfaces/include/rms_interfaces/rms_interfaces/msg/detail
-- Up-to-date: /home/marcel/studies/2_sem_mgr/RPE_lab/EX5/ros2_ws/install/rms_interfaces/include/rms_interfaces/rms_interfaces/msg/detail/sensor_state__rosidl_typesupport_fastrtps_cpp.hpp
-- Up-to-date: /home/marcel/studies/2_sem_mgr/RPE_lab/EX5/ros2_ws/install/rms_interfaces/include/rms_interfaces/rms_interfaces/msg/detail/dds_fastrtps
-- Up-to-date: /home/marcel/studies/2_sem_mgr/RPE_lab/EX5/ros2_ws/install/rms_interfaces/include/rms_interfaces/rms_interfaces/msg/rosidl_typesupport_fastrtps_cpp__visibility_control.h
-- Up-to-date: /home/marcel/studies/2_sem_mgr/RPE_lab/EX5/ros2_ws/install/rms_interfaces/include/rms_interfaces/rms_interfaces/srv
-- Up-to-date: /home/marcel/studies/2_sem_mgr/RPE_lab/EX5/ros2_ws/install/rms_interfaces/include/rms_interfaces/rms_interfaces/srv/detail
-- Up-to-date: /home/marcel/studies/2_sem_mgr/RPE_lab/EX5/ros2_ws/install/rms_interfaces/include/rms_interfaces/rms_interfaces/srv/detail/component_error__rosidl_typesupport_fastrtps_cpp.hpp
-- Up-to-date: /home/marcel/studies/2_sem_mgr/RPE_lab/EX5/ros2_ws/install/rms_interfaces/include/rms_interfaces/rms_interfaces/srv/detail/dds_fastrtps
-- Up-to-date: /home/marcel/studies/2_sem_mgr/RPE_lab/EX5/ros2_ws/install/rms_interfaces/lib/librms_interfaces__rosidl_typesupport_fastrtps_cpp.so
-- Up-to-date: /home/marcel/studies/2_sem_mgr/RPE_lab/EX5/ros2_ws/install/rms_interfaces/include/rms_interfaces/rms_interfaces
-- Up-to-date: /home/marcel/studies/2_sem_mgr/RPE_lab/EX5/ros2_ws/install/rms_interfaces/include/rms_interfaces/rms_interfaces/msg
-- Up-to-date: /home/marcel/studies/2_sem_mgr/RPE_lab/EX5/ros2_ws/install/rms_interfaces/include/rms_interfaces/rms_interfaces/msg/detail
-- Up-to-date: /home/marcel/studies/2_sem_mgr/RPE_lab/EX5/ros2_ws/install/rms_interfaces/include/rms_interfaces/rms_interfaces/msg/detail/sensor_state__type_support.cpp
-- Up-to-date: /home/marcel/studies/2_sem_mgr/RPE_lab/EX5/ros2_ws/install/rms_interfaces/include/rms_interfaces/rms_interfaces/msg/detail/sensor_state__rosidl_typesupport_introspection_cpp.hpp
-- Up-to-date: /home/marcel/studies/2_sem_mgr/RPE_lab/EX5/ros2_ws/install/rms_interfaces/include/rms_interfaces/rms_interfaces/srv
-- Up-to-date: /home/marcel/studies/2_sem_mgr/RPE_lab/EX5/ros2_ws/install/rms_interfaces/include/rms_interfaces/rms_interfaces/srv/detail
-- Up-to-date: /home/marcel/studies/2_sem_mgr/RPE_lab/EX5/ros2_ws/install/rms_interfaces/include/rms_interfaces/rms_interfaces/srv/detail/component_error__type_support.cpp
-- Up-to-date: /home/marcel/studies/2_sem_mgr/RPE_lab/EX5/ros2_ws/install/rms_interfaces/include/rms_interfaces/rms_interfaces/srv/detail/component_error__rosidl_typesupport_introspection_cpp.hpp
-- Up-to-date: /home/marcel/studies/2_sem_mgr/RPE_lab/EX5/ros2_ws/install/rms_interfaces/lib/librms_interfaces__rosidl_typesupport_introspection_cpp.so
-- Up-to-date: /home/marcel/studies/2_sem_mgr/RPE_lab/EX5/ros2_ws/install/rms_interfaces/lib/librms_interfaces__rosidl_typesupport_cpp.so
-- Up-to-date: /home/marcel/studies/2_sem_mgr/RPE_lab/EX5/ros2_ws/install/rms_interfaces/share/rms_interfaces/environment/pythonpath.sh
-- Up-to-date: /home/marcel/studies/2_sem_mgr/RPE_lab/EX5/ros2_ws/install/rms_interfaces/share/rms_interfaces/environment/pythonpath.dsv
-- Up-to-date: /home/marcel/studies/2_sem_mgr/RPE_lab/EX5/ros2_ws/install/rms_interfaces/local/lib/python3.10/dist-packages/rms_interfaces-0.0.0-py3.10.egg-info
-- Installing: /home/marcel/studies/2_sem_mgr/RPE_lab/EX5/ros2_ws/install/rms_interfaces/local/lib/python3.10/dist-packages/rms_interfaces-0.0.0-py3.10.egg-info/top_level.txt
-- Installing: /home/marcel/studies/2_sem_mgr/RPE_lab/EX5/ros2_ws/install/rms_interfaces/local/lib/python3.10/dist-packages/rms_interfaces-0.0.0-py3.10.egg-info/PKG-INFO
-- Installing: /home/marcel/studies/2_sem_mgr/RPE_lab/EX5/ros2_ws/install/rms_interfaces/local/lib/python3.10/dist-packages/rms_interfaces-0.0.0-py3.10.egg-info/dependency_links.txt
-- Installing: /home/marcel/studies/2_sem_mgr/RPE_lab/EX5/ros2_ws/install/rms_interfaces/local/lib/python3.10/dist-packages/rms_interfaces-0.0.0-py3.10.egg-info/SOURCES.txt
-- Up-to-date: /home/marcel/studies/2_sem_mgr/RPE_lab/EX5/ros2_ws/install/rms_interfaces/local/lib/python3.10/dist-packages/rms_interfaces
-- Up-to-date: /home/marcel/studies/2_sem_mgr/RPE_lab/EX5/ros2_ws/install/rms_interfaces/local/lib/python3.10/dist-packages/rms_interfaces/_rms_interfaces_s.ep.rosidl_typesupport_introspection_c.c
-- Up-to-date: /home/marcel/studies/2_sem_mgr/RPE_lab/EX5/ros2_ws/install/rms_interfaces/local/lib/python3.10/dist-packages/rms_interfaces/rms_interfaces_s__rosidl_typesupport_c.cpython-310-x86_64-linux-gnu.so
-- Up-to-date: /home/marcel/studies/2_sem_mgr/RPE_lab/EX5/ros2_ws/install/rms_interfaces/local/lib/python3.10/dist-packages/rms_interfaces/_rms_interfaces_s.ep.rosidl_typesupport_c.c
-- Up-to-date: /home/marcel/studies/2_sem_mgr/RPE_lab/EX5/ros2_ws/install/rms_interfaces/local/lib/python3.10/dist-packages/rms_interfaces/msg
-- Up-to-date: /home/marcel/studies/2_sem_mgr/RPE_lab/EX5/ros2_ws/install/rms_interfaces/local/lib/python3.10/dist-packages/rms_interfaces/msg/_sensor_state_s.c
-- Up-to-date: /home/marcel/studies/2_sem_mgr/RPE_lab/EX5/ros2_ws/install/rms_interfaces/local/lib/python3.10/dist-packages/rms_interfaces/msg/_sensor_state.py
-- Up-to-date: /home/marcel/studies/2_sem_mgr/RPE_lab/EX5/ros2_ws/install/rms_interfaces/local/lib/python3.10/dist-packages/rms_interfaces/msg/__init__.py
-- Up-to-date: /home/marcel/studies/2_sem_mgr/RPE_lab/EX5/ros2_ws/install/rms_interfaces/local/lib/python3.10/dist-packages/rms_interfaces/librms_interfaces__rosidl_generator_py.so
-- Up-to-date: /home/marcel/studies/2_sem_mgr/RPE_lab/EX5/ros2_ws/install/rms_interfaces/local/lib/python3.10/dist-packages/rms_interfaces/rms_interfaces_s__rosidl_typesupport_introspection_c.cpython-310-x86_64-linux-gnu.so
-- Up-to-date: /home/marcel/studies/2_sem_mgr/RPE_lab/EX5/ros2_ws/install/rms_interfaces/local/lib/python3.10/dist-packages/rms_interfaces/_rms_interfaces_s.ep.rosidl_typesupport_fastrtps_c.c
-- Up-to-date: /home/marcel/studies/2_sem_mgr/RPE_lab/EX5/ros2_ws/install/rms_interfaces/local/lib/python3.10/dist-packages/rms_interfaces/srv
-- Up-to-date: /home/marcel/studies/2_sem_mgr/RPE_lab/EX5/ros2_ws/install/rms_interfaces/local/lib/python3.10/dist-packages/rms_interfaces/srv/__init__.py
-- Up-to-date: /home/marcel/studies/2_sem_mgr/RPE_lab/EX5/ros2_ws/install/rms_interfaces/local/lib/python3.10/dist-packages/rms_interfaces/srv/_component_error_s.c
-- Up-to-date: /home/marcel/studies/2_sem_mgr/RPE_lab/EX5/ros2_ws/install/rms_interfaces/local/lib/python3.10/dist-packages/rms_interfaces/srv/_component_error.py
-- Up-to-date: /home/marcel/studies/2_sem_mgr/RPE_lab/EX5/ros2_ws/install/rms_interfaces/local/lib/python3.10/dist-packages/rms_interfaces/rms_interfaces_s__rosidl_typesupport_fastrtps_c.cpython-310-x86_64-linux-gnu.so
-- Up-to-date: /home/marcel/studies/2_sem_mgr/RPE_lab/EX5/ros2_ws/install/rms_interfaces/local/lib/python3.10/dist-packages/rms_interfaces/__init__.py
Listing '/home/marcel/studies/2_sem_mgr/RPE_lab/EX5/ros2_ws/install/rms_interfaces/local/lib/python3.10/dist-packages/rms_interfaces'...
Listing '/home/marcel/studies/2_sem_mgr/RPE_lab/EX5/ros2_ws/install/rms_interfaces/local/lib/python3.10/dist-packages/rms_interfaces/msg'...
Listing '/home/marcel/studies/2_sem_mgr/RPE_lab/EX5/ros2_ws/install/rms_interfaces/local/lib/python3.10/dist-packages/rms_interfaces/srv'...
-- Up-to-date: /home/marcel/studies/2_sem_mgr/RPE_lab/EX5/ros2_ws/install/rms_interfaces/local/lib/python3.10/dist-packages/rms_interfaces/rms_interfaces_s__rosidl_typesupport_fastrtps_c.cpython-310-x86_64-linux-gnu.so
-- Up-to-date: /home/marcel/studies/2_sem_mgr/RPE_lab/EX5/ros2_ws/install/rms_interfaces/local/lib/python3.10/dist-packages/rms_interfaces/rms_interfaces_s__rosidl_typesupport_introspection_c.cpython-310-x86_64-linux-gnu.so
-- Up-to-date: /home/marcel/studies/2_sem_mgr/RPE_lab/EX5/ros2_ws/install/rms_interfaces/local/lib/python3.10/dist-packages/rms_interfaces/rms_interfaces_s__rosidl_typesupport_c.cpython-310-x86_64-linux-gnu.so
-- Up-to-date: /home/marcel/studies/2_sem_mgr/RPE_lab/EX5/ros2_ws/install/rms_interfaces/lib/librms_interfaces__rosidl_generator_py.so
-- Up-to-date: /home/marcel/studies/2_sem_mgr/RPE_lab/EX5/ros2_ws/install/rms_interfaces/share/rms_interfaces/srv/ComponentError.idl
-- Up-to-date: /home/marcel/studies/2_sem_mgr/RPE_lab/EX5/ros2_ws/install/rms_interfaces/share/rms_interfaces/msg/SensorState.idl
-- Up-to-date: /home/marcel/studies/2_sem_mgr/RPE_lab/EX5/ros2_ws/install/rms_interfaces/share/rms_interfaces/srv/ComponentError.srv
-- Up-to-date: /home/marcel/studies/2_sem_mgr/RPE_lab/EX5/ros2_ws/install/rms_interfaces/share/rms_interfaces/srv/ComponentError_Request.msg
-- Up-to-date: /home/marcel/studies/2_sem_mgr/RPE_lab/EX5/ros2_ws/install/rms_interfaces/share/rms_interfaces/srv/ComponentError_Response.msg
-- Up-to-date: /home/marcel/studies/2_sem_mgr/RPE_lab/EX5/ros2_ws/install/rms_interfaces/share/rms_interfaces/msg/SensorState.msg
-- Up-to-date: /home/marcel/studies/2_sem_mgr/RPE_lab/EX5/ros2_ws/install/rms_interfaces/share/ament_index/resource_index/package_run_dependencies/rms_interfaces
-- Up-to-date: /home/marcel/studies/2_sem_mgr/RPE_lab/EX5/ros2_ws/install/rms_interfaces/share/ament_index/resource_index/parent_prefix_path/rms_interfaces
-- Up-to-date: /home/marcel/studies/2_sem_mgr/RPE_lab/EX5/ros2_ws/install/rms_interfaces/share/rms_interfaces/environment/ament_prefix_path.sh
-- Up-to-date: /home/marcel/studies/2_sem_mgr/RPE_lab/EX5/ros2_ws/install/rms_interfaces/share/rms_interfaces/environment/ament_prefix_path.dsv
-- Up-to-date: /home/marcel/studies/2_sem_mgr/RPE_lab/EX5/ros2_ws/install/rms_interfaces/share/rms_interfaces/environment/path.sh
-- Up-to-date: /home/marcel/studies/2_sem_mgr/RPE_lab/EX5/ros2_ws/install/rms_interfaces/share/rms_interfaces/environment/path.dsv
-- Up-to-date: /home/marcel/studies/2_sem_mgr/RPE_lab/EX5/ros2_ws/install/rms_interfaces/share/rms_interfaces/local_setup.bash
-- Up-to-date: /home/marcel/studies/2_sem_mgr/RPE_lab/EX5/ros2_ws/install/rms_interfaces/share/rms_interfaces/local_setup.sh
-- Up-to-date: /home/marcel/studies/2_sem_mgr/RPE_lab/EX5/ros2_ws/install/rms_interfaces/share/rms_interfaces/local_setup.zsh
-- Up-to-date: /home/marcel/studies/2_sem_mgr/RPE_lab/EX5/ros2_ws/install/rms_interfaces/share/rms_interfaces/local_setup.dsv
-- Installing: /home/marcel/studies/2_sem_mgr/RPE_lab/EX5/ros2_ws/install/rms_interfaces/share/rms_interfaces/package.dsv
-- Up-to-date: /home/marcel/studies/2_sem_mgr/RPE_lab/EX5/ros2_ws/install/rms_interfaces/share/ament_index/resource_index/packages/rms_interfaces
-- Up-to-date: /home/marcel/studies/2_sem_mgr/RPE_lab/EX5/ros2_ws/install/rms_interfaces/share/rms_interfaces/cmake/export_rms_interfaces__rosidl_generator_cExport.cmake
-- Up-to-date: /home/marcel/studies/2_sem_mgr/RPE_lab/EX5/ros2_ws/install/rms_interfaces/share/rms_interfaces/cmake/export_rms_interfaces__rosidl_generator_cExport-noconfig.cmake
-- Up-to-date: /home/marcel/studies/2_sem_mgr/RPE_lab/EX5/ros2_ws/install/rms_interfaces/share/rms_interfaces/cmake/export_rms_interfaces__rosidl_typesupport_fastrtps_cExport.cmake
-- Up-to-date: /home/marcel/studies/2_sem_mgr/RPE_lab/EX5/ros2_ws/install/rms_interfaces/share/rms_interfaces/cmake/export_rms_interfaces__rosidl_typesupport_fastrtps_cExport-noconfig.cmake
-- Up-to-date: /home/marcel/studies/2_sem_mgr/RPE_lab/EX5/ros2_ws/install/rms_interfaces/share/rms_interfaces/cmake/rms_interfaces__rosidl_typesupport_introspection_cExport.cmake
-- Up-to-date: /home/marcel/studies/2_sem_mgr/RPE_lab/EX5/ros2_ws/install/rms_interfaces/share/rms_interfaces/cmake/rms_interfaces__rosidl_typesupport_introspection_cExport-noconfig.cmake
-- Up-to-date: /home/marcel/studies/2_sem_mgr/RPE_lab/EX5/ros2_ws/install/rms_interfaces/share/rms_interfaces/cmake/rms_interfaces__rosidl_typesupport_cExport.cmake
-- Up-to-date: /home/marcel/studies/2_sem_mgr/RPE_lab/EX5/ros2_ws/install/rms_interfaces/share/rms_interfaces/cmake/rms_interfaces__rosidl_typesupport_cExport-noconfig.cmake
-- Up-to-date: /home/marcel/studies/2_sem_mgr/RPE_lab/EX5/ros2_ws/install/rms_interfaces/share/rms_interfaces/cmake/export_rms_interfaces__rosidl_generator_cppExport.cmake
-- Up-to-date: /home/marcel/studies/2_sem_mgr/RPE_lab/EX5/ros2_ws/install/rms_interfaces/share/rms_interfaces/cmake/export_rms_interfaces__rosidl_typesupport_fastrtps_cppExport.cmake
-- Up-to-date: /home/marcel/studies/2_sem_mgr/RPE_lab/EX5/ros2_ws/install/rms_interfaces/share/rms_interfaces/cmake/export_rms_interfaces__rosidl_typesupport_fastrtps_cppExport-noconfig.cmake
-- Up-to-date: /home/marcel/studies/2_sem_mgr/RPE_lab/EX5/ros2_ws/install/rms_interfaces/share/rms_interfaces/cmake/rms_interfaces__rosidl_typesupport_introspection_cppExport.cmake
-- Up-to-date: /home/marcel/studies/2_sem_mgr/RPE_lab/EX5/ros2_ws/install/rms_interfaces/share/rms_interfaces/cmake/rms_interfaces__rosidl_typesupport_introspection_cppExport-noconfig.cmake
-- Up-to-date: /home/marcel/studies/2_sem_mgr/RPE_lab/EX5/ros2_ws/install/rms_interfaces/share/rms_interfaces/cmake/rms_interfaces__rosidl_typesupport_cppExport.cmake
-- Up-to-date: /home/marcel/studies/2_sem_mgr/RPE_lab/EX5/ros2_ws/install/rms_interfaces/share/rms_interfaces/cmake/rms_interfaces__rosidl_typesupport_cppExport-noconfig.cmake
-- Up-to-date: /home/marcel/studies/2_sem_mgr/RPE_lab/EX5/ros2_ws/install/rms_interfaces/share/rms_interfaces/cmake/export_rms_interfaces__rosidl_generator_pyExport.cmake
-- Up-to-date: /home/marcel/studies/2_sem_mgr/RPE_lab/EX5/ros2_ws/install/rms_interfaces/share/rms_interfaces/cmake/export_rms_interfaces__rosidl_generator_pyExport-noconfig.cmake
-- Up-to-date: /home/marcel/studies/2_sem_mgr/RPE_lab/EX5/ros2_ws/install/rms_interfaces/share/rms_interfaces/cmake/rosidl_cmake-extras.cmake
-- Up-to-date: /home/marcel/studies/2_sem_mgr/RPE_lab/EX5/ros2_ws/install/rms_interfaces/share/rms_interfaces/cmake/ament_cmake_export_include_directories-extras.cmake
-- Up-to-date: /home/marcel/studies/2_sem_mgr/RPE_lab/EX5/ros2_ws/install/rms_interfaces/share/rms_interfaces/cmake/ament_cmake_export_libraries-extras.cmake
-- Up-to-date: /home/marcel/studies/2_sem_mgr/RPE_lab/EX5/ros2_ws/install/rms_interfaces/share/rms_interfaces/cmake/ament_cmake_export_targets-extras.cmake
-- Up-to-date: /home/marcel/studies/2_sem_mgr/RPE_lab/EX5/ros2_ws/install/rms_interfaces/share/rms_interfaces/cmake/rosidl_cmake_export_typesupport_targets-extras.cmake
-- Up-to-date: /home/marcel/studies/2_sem_mgr/RPE_lab/EX5/ros2_ws/install/rms_interfaces/share/rms_interfaces/cmake/ament_cmake_export_dependencies-extras.cmake
-- Up-to-date: /home/marcel/studies/2_sem_mgr/RPE_lab/EX5/ros2_ws/install/rms_interfaces/share/rms_interfaces/cmake/rosidl_cmake_export_typesupport_libraries-extras.cmake
-- Up-to-date: /home/marcel/studies/2_sem_mgr/RPE_lab/EX5/ros2_ws/install/rms_interfaces/share/rms_interfaces/cmake/rms_interfacesConfig.cmake
-- Up-to-date: /home/marcel/studies/2_sem_mgr/RPE_lab/EX5/ros2_ws/install/rms_interfaces/share/rms_interfaces/cmake/rms_interfacesConfig-version.cmake
-- Up-to-date: /home/marcel/studies/2_sem_mgr/RPE_lab/EX5/ros2_ws/install/rms_interfaces/share/rms_interfaces/package.xml
