[0.007s] Invoking command in '/home/marcel/studies/2_sem_mgr/RPE_lab/EX5/ros2_ws/build/rms_interfaces': CMAKE_PREFIX_PATH=/home/marcel/studies/2_sem_mgr/RPE_lab/EX5/ros2_ws/install/rms_package:/home/marcel/studies/2_sem_mgr/RPE_lab/EX4/ros2_ws/install/signalPackage:/home/marcel/ros2_ws/install/my_robot_controller:/opt/ros/humble /usr/bin/cmake --build /home/marcel/studies/2_sem_mgr/RPE_lab/EX5/ros2_ws/build/rms_interfaces -- -j16 -l16
[0.022s] -- Found ament_cmake: 1.3.10 (/opt/ros/humble/share/ament_cmake/cmake)
[0.095s] -- Found rosidl_default_generators: 1.2.0 (/opt/ros/humble/share/rosidl_default_generators/cmake)
[0.096s] -- Using all available rosidl_typesupport_c: rosidl_typesupport_fastrtps_c;rosidl_typesupport_introspection_c
[0.098s] -- Found rosidl_adapter: 3.1.5 (/opt/ros/humble/share/rosidl_adapter/cmake)
[0.115s] -- Using all available rosidl_typesupport_cpp: rosidl_typesupport_fastrtps_cpp;rosidl_typesupport_introspection_cpp
[0.273s] -- Found ament_cmake_ros: 0.10.0 (/opt/ros/humble/share/ament_cmake_ros/cmake)
[0.379s] -- Using all available rosidl_typesupport_c: rosidl_typesupport_fastrtps_c;rosidl_typesupport_introspection_c
[0.520s] -- Using all available rosidl_typesupport_cpp: rosidl_typesupport_fastrtps_cpp;rosidl_typesupport_introspection_cpp
[0.533s] -- Found python_cmake_module: 0.10.0 (/opt/ros/humble/share/python_cmake_module/cmake)
[0.545s] -- Using PYTHON_EXECUTABLE: /usr/bin/python3
[0.545s] -- Using PYTHON_INCLUDE_DIRS: /usr/include/python3.10
[0.545s] -- Using PYTHON_LIBRARIES: /usr/lib/x86_64-linux-gnu/libpython3.10.so
[0.553s] -- Configuring done
[0.569s] -- Generating done
[0.571s] -- Build files have been written to: /home/marcel/studies/2_sem_mgr/RPE_lab/EX5/ros2_ws/build/rms_interfaces
[0.585s] [  3%] [34m[1mGenerating C code for ROS interfaces[0m
[0.591s] [  6%] [34m[1mGenerating C++ code for ROS interfaces[0m
[0.596s] [  6%] Built target ament_cmake_python_copy_rms_interfaces
[0.709s] running egg_info
[0.709s] writing rms_interfaces.egg-info/PKG-INFO
[0.709s] writing dependency_links to rms_interfaces.egg-info/dependency_links.txt
[0.709s] writing top-level names to rms_interfaces.egg-info/top_level.txt
[0.710s] reading manifest file 'rms_interfaces.egg-info/SOURCES.txt'
[0.710s] writing manifest file 'rms_interfaces.egg-info/SOURCES.txt'
[0.720s] [35m[1mConsolidate compiler generated dependencies of target rms_interfaces__rosidl_generator_c[0m
[0.722s] [  6%] Built target rms_interfaces__cpp
[0.722s] [  6%] Built target ament_cmake_python_build_rms_interfaces_egg
[0.726s] [  9%] [32mBuilding C object CMakeFiles/rms_interfaces__rosidl_generator_c.dir/rosidl_generator_c/rms_interfaces/srv/detail/component_error__functions.c.o[0m
[0.727s] [ 12%] [34m[1mGenerating C++ introspection for ROS interfaces[0m
[0.727s] [ 16%] [34m[1mGenerating C++ type support for eProsima Fast-RTPS[0m
[0.728s] [ 19%] [34m[1mGenerating C++ type support dispatch for ROS interfaces[0m
[0.759s] [ 22%] [32m[1mLinking C shared library librms_interfaces__rosidl_generator_c.so[0m
[0.779s] [ 22%] Built target rms_interfaces__rosidl_generator_c
[0.785s] [ 25%] [34m[1mGenerating C introspection for ROS interfaces[0m
[0.785s] [ 29%] [34m[1mGenerating C type support for eProsima Fast-RTPS[0m
[0.785s] [ 32%] [34m[1mGenerating C type support dispatch for ROS interfaces[0m
[0.838s] [35m[1mConsolidate compiler generated dependencies of target rms_interfaces__rosidl_typesupport_cpp[0m
[0.845s] [ 35%] [32mBuilding CXX object CMakeFiles/rms_interfaces__rosidl_typesupport_cpp.dir/rosidl_typesupport_cpp/rms_interfaces/srv/component_error__type_support.cpp.o[0m
[0.849s] [35m[1mConsolidate compiler generated dependencies of target rms_interfaces__rosidl_typesupport_introspection_cpp[0m
[0.855s] [35m[1mConsolidate compiler generated dependencies of target rms_interfaces__rosidl_typesupport_fastrtps_cpp[0m
[0.856s] [ 38%] [32mBuilding CXX object CMakeFiles/rms_interfaces__rosidl_typesupport_introspection_cpp.dir/rosidl_typesupport_introspection_cpp/rms_interfaces/srv/detail/component_error__type_support.cpp.o[0m
[0.862s] [ 41%] [32mBuilding CXX object CMakeFiles/rms_interfaces__rosidl_typesupport_fastrtps_cpp.dir/rosidl_typesupport_fastrtps_cpp/rms_interfaces/srv/detail/dds_fastrtps/component_error__type_support.cpp.o[0m
[0.896s] [35m[1mConsolidate compiler generated dependencies of target rms_interfaces__rosidl_typesupport_c[0m
[0.902s] [ 45%] [32mBuilding CXX object CMakeFiles/rms_interfaces__rosidl_typesupport_c.dir/rosidl_typesupport_c/rms_interfaces/srv/component_error__type_support.cpp.o[0m
[0.911s] [35m[1mConsolidate compiler generated dependencies of target rms_interfaces__rosidl_typesupport_introspection_c[0m
[0.912s] [35m[1mConsolidate compiler generated dependencies of target rms_interfaces__rosidl_typesupport_fastrtps_c[0m
[0.917s] [ 48%] [32mBuilding C object CMakeFiles/rms_interfaces__rosidl_typesupport_introspection_c.dir/rosidl_typesupport_introspection_c/rms_interfaces/srv/detail/component_error__type_support.c.o[0m
[0.919s] [ 51%] [32mBuilding CXX object CMakeFiles/rms_interfaces__rosidl_typesupport_fastrtps_c.dir/rosidl_typesupport_fastrtps_c/rms_interfaces/srv/detail/component_error__type_support_c.cpp.o[0m
[0.920s] [ 54%] [32m[1mLinking CXX shared library librms_interfaces__rosidl_typesupport_c.so[0m
[0.937s] [ 58%] [32m[1mLinking C shared library librms_interfaces__rosidl_typesupport_introspection_c.so[0m
[0.943s] [ 58%] Built target rms_interfaces__rosidl_typesupport_c
[0.955s] [ 58%] Built target rms_interfaces__rosidl_typesupport_introspection_c
[0.977s] [ 61%] [32m[1mLinking CXX shared library librms_interfaces__rosidl_typesupport_cpp.so[0m
[1.000s] [ 61%] Built target rms_interfaces__rosidl_typesupport_cpp
[1.040s] [ 64%] [32m[1mLinking CXX shared library librms_interfaces__rosidl_typesupport_introspection_cpp.so[0m
[1.061s] [ 67%] [32m[1mLinking CXX shared library librms_interfaces__rosidl_typesupport_fastrtps_cpp.so[0m
[1.076s] [ 67%] Built target rms_interfaces__rosidl_typesupport_introspection_cpp
[1.092s] [ 70%] [32m[1mLinking CXX shared library librms_interfaces__rosidl_typesupport_fastrtps_c.so[0m
[1.100s] [ 70%] Built target rms_interfaces__rosidl_typesupport_fastrtps_cpp
[1.132s] [ 70%] Built target rms_interfaces__rosidl_typesupport_fastrtps_c
[1.143s] [ 70%] Built target rms_interfaces
[1.155s] [ 74%] [34m[1mGenerating Python code for ROS interfaces[0m
[1.330s] [ 74%] Built target rms_interfaces__py
[1.336s] [35m[1mConsolidate compiler generated dependencies of target rms_interfaces__rosidl_generator_py[0m
[1.344s] [ 77%] [32mBuilding C object CMakeFiles/rms_interfaces__rosidl_generator_py.dir/rosidl_generator_py/rms_interfaces/srv/_component_error_s.c.o[0m
[1.399s] [ 80%] [32m[1mLinking C shared library rosidl_generator_py/rms_interfaces/librms_interfaces__rosidl_generator_py.so[0m
[1.423s] [ 80%] Built target rms_interfaces__rosidl_generator_py
[1.429s] [35m[1mConsolidate compiler generated dependencies of target rms_interfaces__rosidl_typesupport_fastrtps_c__pyext[0m
[1.429s] [35m[1mConsolidate compiler generated dependencies of target rms_interfaces__rosidl_typesupport_c__pyext[0m
[1.429s] [35m[1mConsolidate compiler generated dependencies of target rms_interfaces__rosidl_typesupport_introspection_c__pyext[0m
[1.436s] [ 87%] [32mBuilding C object CMakeFiles/rms_interfaces__rosidl_typesupport_introspection_c__pyext.dir/rosidl_generator_py/rms_interfaces/_rms_interfaces_s.ep.rosidl_typesupport_introspection_c.c.o[0m
[1.437s] [ 87%] [32mBuilding C object CMakeFiles/rms_interfaces__rosidl_typesupport_fastrtps_c__pyext.dir/rosidl_generator_py/rms_interfaces/_rms_interfaces_s.ep.rosidl_typesupport_fastrtps_c.c.o[0m
[1.437s] [ 90%] [32mBuilding C object CMakeFiles/rms_interfaces__rosidl_typesupport_c__pyext.dir/rosidl_generator_py/rms_interfaces/_rms_interfaces_s.ep.rosidl_typesupport_c.c.o[0m
[1.486s] [ 93%] [32m[1mLinking C shared library rosidl_generator_py/rms_interfaces/rms_interfaces_s__rosidl_typesupport_c.cpython-310-x86_64-linux-gnu.so[0m
[1.487s] [ 96%] [32m[1mLinking C shared library rosidl_generator_py/rms_interfaces/rms_interfaces_s__rosidl_typesupport_introspection_c.cpython-310-x86_64-linux-gnu.so[0m
[1.490s] [100%] [32m[1mLinking C shared library rosidl_generator_py/rms_interfaces/rms_interfaces_s__rosidl_typesupport_fastrtps_c.cpython-310-x86_64-linux-gnu.so[0m
[1.505s] [100%] Built target rms_interfaces__rosidl_typesupport_c__pyext
[1.506s] [100%] Built target rms_interfaces__rosidl_typesupport_introspection_c__pyext
[1.510s] [100%] Built target rms_interfaces__rosidl_typesupport_fastrtps_c__pyext
[1.517s] Invoked command in '/home/marcel/studies/2_sem_mgr/RPE_lab/EX5/ros2_ws/build/rms_interfaces' returned '0': CMAKE_PREFIX_PATH=/home/marcel/studies/2_sem_mgr/RPE_lab/EX5/ros2_ws/install/rms_package:/home/marcel/studies/2_sem_mgr/RPE_lab/EX4/ros2_ws/install/signalPackage:/home/marcel/ros2_ws/install/my_robot_controller:/opt/ros/humble /usr/bin/cmake --build /home/marcel/studies/2_sem_mgr/RPE_lab/EX5/ros2_ws/build/rms_interfaces -- -j16 -l16
[1.558s] Invoking command in '/home/marcel/studies/2_sem_mgr/RPE_lab/EX5/ros2_ws/build/rms_interfaces': CMAKE_PREFIX_PATH=/home/marcel/studies/2_sem_mgr/RPE_lab/EX5/ros2_ws/install/rms_package:/home/marcel/studies/2_sem_mgr/RPE_lab/EX4/ros2_ws/install/signalPackage:/home/marcel/ros2_ws/install/my_robot_controller:/opt/ros/humble /usr/bin/cmake --install /home/marcel/studies/2_sem_mgr/RPE_lab/EX5/ros2_ws/build/rms_interfaces
[1.563s] -- Install configuration: ""
[1.563s] -- Up-to-date: /home/marcel/studies/2_sem_mgr/RPE_lab/EX5/ros2_ws/install/rms_interfaces/share/ament_index/resource_index/rosidl_interfaces/rms_interfaces
[1.563s] -- Up-to-date: /home/marcel/studies/2_sem_mgr/RPE_lab/EX5/ros2_ws/install/rms_interfaces/include/rms_interfaces/rms_interfaces
[1.563s] -- Up-to-date: /home/marcel/studies/2_sem_mgr/RPE_lab/EX5/ros2_ws/install/rms_interfaces/include/rms_interfaces/rms_interfaces/msg
[1.563s] -- Up-to-date: /home/marcel/studies/2_sem_mgr/RPE_lab/EX5/ros2_ws/install/rms_interfaces/include/rms_interfaces/rms_interfaces/msg/rosidl_generator_c__visibility_control.h
[1.563s] -- Up-to-date: /home/marcel/studies/2_sem_mgr/RPE_lab/EX5/ros2_ws/install/rms_interfaces/include/rms_interfaces/rms_interfaces/srv
[1.563s] -- Up-to-date: /home/marcel/studies/2_sem_mgr/RPE_lab/EX5/ros2_ws/install/rms_interfaces/include/rms_interfaces/rms_interfaces/srv/detail
[1.563s] -- Installing: /home/marcel/studies/2_sem_mgr/RPE_lab/EX5/ros2_ws/install/rms_interfaces/include/rms_interfaces/rms_interfaces/srv/detail/component_error__functions.h
[1.563s] -- Installing: /home/marcel/studies/2_sem_mgr/RPE_lab/EX5/ros2_ws/install/rms_interfaces/include/rms_interfaces/rms_interfaces/srv/detail/component_error__type_support.h
[1.563s] -- Installing: /home/marcel/studies/2_sem_mgr/RPE_lab/EX5/ros2_ws/install/rms_interfaces/include/rms_interfaces/rms_interfaces/srv/detail/component_error__functions.c
[1.563s] -- Installing: /home/marcel/studies/2_sem_mgr/RPE_lab/EX5/ros2_ws/install/rms_interfaces/include/rms_interfaces/rms_interfaces/srv/detail/component_error__struct.h
[1.563s] -- Installing: /home/marcel/studies/2_sem_mgr/RPE_lab/EX5/ros2_ws/install/rms_interfaces/include/rms_interfaces/rms_interfaces/srv/component_error.h
[1.564s] -- Up-to-date: /home/marcel/studies/2_sem_mgr/RPE_lab/EX5/ros2_ws/install/rms_interfaces/share/rms_interfaces/environment/library_path.sh
[1.564s] -- Installing: /home/marcel/studies/2_sem_mgr/RPE_lab/EX5/ros2_ws/install/rms_interfaces/share/rms_interfaces/environment/library_path.dsv
[1.564s] -- Installing: /home/marcel/studies/2_sem_mgr/RPE_lab/EX5/ros2_ws/install/rms_interfaces/lib/librms_interfaces__rosidl_generator_c.so
[1.564s] -- Set runtime path of "/home/marcel/studies/2_sem_mgr/RPE_lab/EX5/ros2_ws/install/rms_interfaces/lib/librms_interfaces__rosidl_generator_c.so" to ""
[1.564s] -- Up-to-date: /home/marcel/studies/2_sem_mgr/RPE_lab/EX5/ros2_ws/install/rms_interfaces/include/rms_interfaces/rms_interfaces
[1.564s] -- Up-to-date: /home/marcel/studies/2_sem_mgr/RPE_lab/EX5/ros2_ws/install/rms_interfaces/include/rms_interfaces/rms_interfaces/msg
[1.564s] -- Up-to-date: /home/marcel/studies/2_sem_mgr/RPE_lab/EX5/ros2_ws/install/rms_interfaces/include/rms_interfaces/rms_interfaces/msg/rosidl_typesupport_fastrtps_c__visibility_control.h
[1.564s] -- Up-to-date: /home/marcel/studies/2_sem_mgr/RPE_lab/EX5/ros2_ws/install/rms_interfaces/include/rms_interfaces/rms_interfaces/srv
[1.564s] -- Up-to-date: /home/marcel/studies/2_sem_mgr/RPE_lab/EX5/ros2_ws/install/rms_interfaces/include/rms_interfaces/rms_interfaces/srv/detail
[1.564s] -- Installing: /home/marcel/studies/2_sem_mgr/RPE_lab/EX5/ros2_ws/install/rms_interfaces/include/rms_interfaces/rms_interfaces/srv/detail/component_error__rosidl_typesupport_fastrtps_c.h
[1.564s] -- Installing: /home/marcel/studies/2_sem_mgr/RPE_lab/EX5/ros2_ws/install/rms_interfaces/lib/librms_interfaces__rosidl_typesupport_fastrtps_c.so
[1.565s] -- Set runtime path of "/home/marcel/studies/2_sem_mgr/RPE_lab/EX5/ros2_ws/install/rms_interfaces/lib/librms_interfaces__rosidl_typesupport_fastrtps_c.so" to ""
[1.565s] -- Up-to-date: /home/marcel/studies/2_sem_mgr/RPE_lab/EX5/ros2_ws/install/rms_interfaces/include/rms_interfaces/rms_interfaces
[1.565s] -- Up-to-date: /home/marcel/studies/2_sem_mgr/RPE_lab/EX5/ros2_ws/install/rms_interfaces/include/rms_interfaces/rms_interfaces/msg
[1.565s] -- Up-to-date: /home/marcel/studies/2_sem_mgr/RPE_lab/EX5/ros2_ws/install/rms_interfaces/include/rms_interfaces/rms_interfaces/msg/rosidl_typesupport_introspection_c__visibility_control.h
[1.565s] -- Up-to-date: /home/marcel/studies/2_sem_mgr/RPE_lab/EX5/ros2_ws/install/rms_interfaces/include/rms_interfaces/rms_interfaces/srv
[1.565s] -- Up-to-date: /home/marcel/studies/2_sem_mgr/RPE_lab/EX5/ros2_ws/install/rms_interfaces/include/rms_interfaces/rms_interfaces/srv/detail
[1.565s] -- Installing: /home/marcel/studies/2_sem_mgr/RPE_lab/EX5/ros2_ws/install/rms_interfaces/include/rms_interfaces/rms_interfaces/srv/detail/component_error__rosidl_typesupport_introspection_c.h
[1.565s] -- Installing: /home/marcel/studies/2_sem_mgr/RPE_lab/EX5/ros2_ws/install/rms_interfaces/include/rms_interfaces/rms_interfaces/srv/detail/component_error__type_support.c
[1.565s] -- Installing: /home/marcel/studies/2_sem_mgr/RPE_lab/EX5/ros2_ws/install/rms_interfaces/lib/librms_interfaces__rosidl_typesupport_introspection_c.so
[1.565s] -- Set runtime path of "/home/marcel/studies/2_sem_mgr/RPE_lab/EX5/ros2_ws/install/rms_interfaces/lib/librms_interfaces__rosidl_typesupport_introspection_c.so" to ""
[1.566s] -- Installing: /home/marcel/studies/2_sem_mgr/RPE_lab/EX5/ros2_ws/install/rms_interfaces/lib/librms_interfaces__rosidl_typesupport_c.so
[1.566s] -- Set runtime path of "/home/marcel/studies/2_sem_mgr/RPE_lab/EX5/ros2_ws/install/rms_interfaces/lib/librms_interfaces__rosidl_typesupport_c.so" to ""
[1.566s] -- Up-to-date: /home/marcel/studies/2_sem_mgr/RPE_lab/EX5/ros2_ws/install/rms_interfaces/include/rms_interfaces/rms_interfaces
[1.566s] -- Up-to-date: /home/marcel/studies/2_sem_mgr/RPE_lab/EX5/ros2_ws/install/rms_interfaces/include/rms_interfaces/rms_interfaces/srv
[1.566s] -- Up-to-date: /home/marcel/studies/2_sem_mgr/RPE_lab/EX5/ros2_ws/install/rms_interfaces/include/rms_interfaces/rms_interfaces/srv/detail
[1.566s] -- Installing: /home/marcel/studies/2_sem_mgr/RPE_lab/EX5/ros2_ws/install/rms_interfaces/include/rms_interfaces/rms_interfaces/srv/detail/component_error__builder.hpp
[1.566s] -- Installing: /home/marcel/studies/2_sem_mgr/RPE_lab/EX5/ros2_ws/install/rms_interfaces/include/rms_interfaces/rms_interfaces/srv/detail/component_error__struct.hpp
[1.566s] -- Installing: /home/marcel/studies/2_sem_mgr/RPE_lab/EX5/ros2_ws/install/rms_interfaces/include/rms_interfaces/rms_interfaces/srv/detail/component_error__traits.hpp
[1.566s] -- Installing: /home/marcel/studies/2_sem_mgr/RPE_lab/EX5/ros2_ws/install/rms_interfaces/include/rms_interfaces/rms_interfaces/srv/component_error.hpp
[1.566s] -- Up-to-date: /home/marcel/studies/2_sem_mgr/RPE_lab/EX5/ros2_ws/install/rms_interfaces/include/rms_interfaces/rms_interfaces
[1.566s] -- Up-to-date: /home/marcel/studies/2_sem_mgr/RPE_lab/EX5/ros2_ws/install/rms_interfaces/include/rms_interfaces/rms_interfaces/msg
[1.566s] -- Up-to-date: /home/marcel/studies/2_sem_mgr/RPE_lab/EX5/ros2_ws/install/rms_interfaces/include/rms_interfaces/rms_interfaces/msg/rosidl_typesupport_fastrtps_cpp__visibility_control.h
[1.566s] -- Up-to-date: /home/marcel/studies/2_sem_mgr/RPE_lab/EX5/ros2_ws/install/rms_interfaces/include/rms_interfaces/rms_interfaces/srv
[1.566s] -- Up-to-date: /home/marcel/studies/2_sem_mgr/RPE_lab/EX5/ros2_ws/install/rms_interfaces/include/rms_interfaces/rms_interfaces/srv/detail
[1.566s] -- Installing: /home/marcel/studies/2_sem_mgr/RPE_lab/EX5/ros2_ws/install/rms_interfaces/include/rms_interfaces/rms_interfaces/srv/detail/component_error__rosidl_typesupport_fastrtps_cpp.hpp
[1.567s] -- Up-to-date: /home/marcel/studies/2_sem_mgr/RPE_lab/EX5/ros2_ws/install/rms_interfaces/include/rms_interfaces/rms_interfaces/srv/detail/dds_fastrtps
[1.567s] -- Installing: /home/marcel/studies/2_sem_mgr/RPE_lab/EX5/ros2_ws/install/rms_interfaces/lib/librms_interfaces__rosidl_typesupport_fastrtps_cpp.so
[1.567s] -- Set runtime path of "/home/marcel/studies/2_sem_mgr/RPE_lab/EX5/ros2_ws/install/rms_interfaces/lib/librms_interfaces__rosidl_typesupport_fastrtps_cpp.so" to ""
[1.567s] -- Up-to-date: /home/marcel/studies/2_sem_mgr/RPE_lab/EX5/ros2_ws/install/rms_interfaces/include/rms_interfaces/rms_interfaces
[1.567s] -- Up-to-date: /home/marcel/studies/2_sem_mgr/RPE_lab/EX5/ros2_ws/install/rms_interfaces/include/rms_interfaces/rms_interfaces/srv
[1.567s] -- Up-to-date: /home/marcel/studies/2_sem_mgr/RPE_lab/EX5/ros2_ws/install/rms_interfaces/include/rms_interfaces/rms_interfaces/srv/detail
[1.567s] -- Installing: /home/marcel/studies/2_sem_mgr/RPE_lab/EX5/ros2_ws/install/rms_interfaces/include/rms_interfaces/rms_interfaces/srv/detail/component_error__type_support.cpp
[1.567s] -- Installing: /home/marcel/studies/2_sem_mgr/RPE_lab/EX5/ros2_ws/install/rms_interfaces/include/rms_interfaces/rms_interfaces/srv/detail/component_error__rosidl_typesupport_introspection_cpp.hpp
[1.567s] -- Installing: /home/marcel/studies/2_sem_mgr/RPE_lab/EX5/ros2_ws/install/rms_interfaces/lib/librms_interfaces__rosidl_typesupport_introspection_cpp.so
[1.568s] -- Set runtime path of "/home/marcel/studies/2_sem_mgr/RPE_lab/EX5/ros2_ws/install/rms_interfaces/lib/librms_interfaces__rosidl_typesupport_introspection_cpp.so" to ""
[1.568s] -- Installing: /home/marcel/studies/2_sem_mgr/RPE_lab/EX5/ros2_ws/install/rms_interfaces/lib/librms_interfaces__rosidl_typesupport_cpp.so
[1.568s] -- Set runtime path of "/home/marcel/studies/2_sem_mgr/RPE_lab/EX5/ros2_ws/install/rms_interfaces/lib/librms_interfaces__rosidl_typesupport_cpp.so" to ""
[1.568s] -- Up-to-date: /home/marcel/studies/2_sem_mgr/RPE_lab/EX5/ros2_ws/install/rms_interfaces/share/rms_interfaces/environment/pythonpath.sh
[1.568s] -- Installing: /home/marcel/studies/2_sem_mgr/RPE_lab/EX5/ros2_ws/install/rms_interfaces/share/rms_interfaces/environment/pythonpath.dsv
[1.568s] -- Up-to-date: /home/marcel/studies/2_sem_mgr/RPE_lab/EX5/ros2_ws/install/rms_interfaces/local/lib/python3.10/dist-packages/rms_interfaces-0.0.0-py3.10.egg-info
[1.568s] -- Installing: /home/marcel/studies/2_sem_mgr/RPE_lab/EX5/ros2_ws/install/rms_interfaces/local/lib/python3.10/dist-packages/rms_interfaces-0.0.0-py3.10.egg-info/top_level.txt
[1.568s] -- Installing: /home/marcel/studies/2_sem_mgr/RPE_lab/EX5/ros2_ws/install/rms_interfaces/local/lib/python3.10/dist-packages/rms_interfaces-0.0.0-py3.10.egg-info/PKG-INFO
[1.568s] -- Installing: /home/marcel/studies/2_sem_mgr/RPE_lab/EX5/ros2_ws/install/rms_interfaces/local/lib/python3.10/dist-packages/rms_interfaces-0.0.0-py3.10.egg-info/dependency_links.txt
[1.569s] -- Installing: /home/marcel/studies/2_sem_mgr/RPE_lab/EX5/ros2_ws/install/rms_interfaces/local/lib/python3.10/dist-packages/rms_interfaces-0.0.0-py3.10.egg-info/SOURCES.txt
[1.569s] -- Up-to-date: /home/marcel/studies/2_sem_mgr/RPE_lab/EX5/ros2_ws/install/rms_interfaces/local/lib/python3.10/dist-packages/rms_interfaces
[1.569s] -- Installing: /home/marcel/studies/2_sem_mgr/RPE_lab/EX5/ros2_ws/install/rms_interfaces/local/lib/python3.10/dist-packages/rms_interfaces/_rms_interfaces_s.ep.rosidl_typesupport_introspection_c.c
[1.569s] -- Installing: /home/marcel/studies/2_sem_mgr/RPE_lab/EX5/ros2_ws/install/rms_interfaces/local/lib/python3.10/dist-packages/rms_interfaces/rms_interfaces_s__rosidl_typesupport_c.cpython-310-x86_64-linux-gnu.so
[1.569s] -- Installing: /home/marcel/studies/2_sem_mgr/RPE_lab/EX5/ros2_ws/install/rms_interfaces/local/lib/python3.10/dist-packages/rms_interfaces/_rms_interfaces_s.ep.rosidl_typesupport_c.c
[1.569s] -- Installing: /home/marcel/studies/2_sem_mgr/RPE_lab/EX5/ros2_ws/install/rms_interfaces/local/lib/python3.10/dist-packages/rms_interfaces/librms_interfaces__rosidl_generator_py.so
[1.569s] -- Installing: /home/marcel/studies/2_sem_mgr/RPE_lab/EX5/ros2_ws/install/rms_interfaces/local/lib/python3.10/dist-packages/rms_interfaces/rms_interfaces_s__rosidl_typesupport_introspection_c.cpython-310-x86_64-linux-gnu.so
[1.569s] -- Installing: /home/marcel/studies/2_sem_mgr/RPE_lab/EX5/ros2_ws/install/rms_interfaces/local/lib/python3.10/dist-packages/rms_interfaces/_rms_interfaces_s.ep.rosidl_typesupport_fastrtps_c.c
[1.569s] -- Up-to-date: /home/marcel/studies/2_sem_mgr/RPE_lab/EX5/ros2_ws/install/rms_interfaces/local/lib/python3.10/dist-packages/rms_interfaces/srv
[1.569s] -- Installing: /home/marcel/studies/2_sem_mgr/RPE_lab/EX5/ros2_ws/install/rms_interfaces/local/lib/python3.10/dist-packages/rms_interfaces/srv/__init__.py
[1.570s] -- Installing: /home/marcel/studies/2_sem_mgr/RPE_lab/EX5/ros2_ws/install/rms_interfaces/local/lib/python3.10/dist-packages/rms_interfaces/srv/_component_error_s.c
[1.570s] -- Installing: /home/marcel/studies/2_sem_mgr/RPE_lab/EX5/ros2_ws/install/rms_interfaces/local/lib/python3.10/dist-packages/rms_interfaces/srv/_component_error.py
[1.570s] -- Installing: /home/marcel/studies/2_sem_mgr/RPE_lab/EX5/ros2_ws/install/rms_interfaces/local/lib/python3.10/dist-packages/rms_interfaces/rms_interfaces_s__rosidl_typesupport_fastrtps_c.cpython-310-x86_64-linux-gnu.so
[1.570s] -- Installing: /home/marcel/studies/2_sem_mgr/RPE_lab/EX5/ros2_ws/install/rms_interfaces/local/lib/python3.10/dist-packages/rms_interfaces/__init__.py
[1.589s] Listing '/home/marcel/studies/2_sem_mgr/RPE_lab/EX5/ros2_ws/install/rms_interfaces/local/lib/python3.10/dist-packages/rms_interfaces'...
[1.589s] Compiling '/home/marcel/studies/2_sem_mgr/RPE_lab/EX5/ros2_ws/install/rms_interfaces/local/lib/python3.10/dist-packages/rms_interfaces/__init__.py'...
[1.589s] Listing '/home/marcel/studies/2_sem_mgr/RPE_lab/EX5/ros2_ws/install/rms_interfaces/local/lib/python3.10/dist-packages/rms_interfaces/srv'...
[1.589s] Compiling '/home/marcel/studies/2_sem_mgr/RPE_lab/EX5/ros2_ws/install/rms_interfaces/local/lib/python3.10/dist-packages/rms_interfaces/srv/__init__.py'...
[1.589s] Compiling '/home/marcel/studies/2_sem_mgr/RPE_lab/EX5/ros2_ws/install/rms_interfaces/local/lib/python3.10/dist-packages/rms_interfaces/srv/_component_error.py'...
[1.591s] -- Installing: /home/marcel/studies/2_sem_mgr/RPE_lab/EX5/ros2_ws/install/rms_interfaces/local/lib/python3.10/dist-packages/rms_interfaces/rms_interfaces_s__rosidl_typesupport_fastrtps_c.cpython-310-x86_64-linux-gnu.so
[1.591s] -- Set runtime path of "/home/marcel/studies/2_sem_mgr/RPE_lab/EX5/ros2_ws/install/rms_interfaces/local/lib/python3.10/dist-packages/rms_interfaces/rms_interfaces_s__rosidl_typesupport_fastrtps_c.cpython-310-x86_64-linux-gnu.so" to ""
[1.591s] -- Installing: /home/marcel/studies/2_sem_mgr/RPE_lab/EX5/ros2_ws/install/rms_interfaces/local/lib/python3.10/dist-packages/rms_interfaces/rms_interfaces_s__rosidl_typesupport_introspection_c.cpython-310-x86_64-linux-gnu.so
[1.592s] -- Set runtime path of "/home/marcel/studies/2_sem_mgr/RPE_lab/EX5/ros2_ws/install/rms_interfaces/local/lib/python3.10/dist-packages/rms_interfaces/rms_interfaces_s__rosidl_typesupport_introspection_c.cpython-310-x86_64-linux-gnu.so" to ""
[1.592s] -- Installing: /home/marcel/studies/2_sem_mgr/RPE_lab/EX5/ros2_ws/install/rms_interfaces/local/lib/python3.10/dist-packages/rms_interfaces/rms_interfaces_s__rosidl_typesupport_c.cpython-310-x86_64-linux-gnu.so
[1.592s] -- Set runtime path of "/home/marcel/studies/2_sem_mgr/RPE_lab/EX5/ros2_ws/install/rms_interfaces/local/lib/python3.10/dist-packages/rms_interfaces/rms_interfaces_s__rosidl_typesupport_c.cpython-310-x86_64-linux-gnu.so" to ""
[1.592s] -- Installing: /home/marcel/studies/2_sem_mgr/RPE_lab/EX5/ros2_ws/install/rms_interfaces/lib/librms_interfaces__rosidl_generator_py.so
[1.592s] -- Set runtime path of "/home/marcel/studies/2_sem_mgr/RPE_lab/EX5/ros2_ws/install/rms_interfaces/lib/librms_interfaces__rosidl_generator_py.so" to ""
[1.592s] -- Installing: /home/marcel/studies/2_sem_mgr/RPE_lab/EX5/ros2_ws/install/rms_interfaces/share/rms_interfaces/srv/ComponentError.idl
[1.593s] -- Installing: /home/marcel/studies/2_sem_mgr/RPE_lab/EX5/ros2_ws/install/rms_interfaces/share/rms_interfaces/srv/ComponentError.srv
[1.593s] -- Installing: /home/marcel/studies/2_sem_mgr/RPE_lab/EX5/ros2_ws/install/rms_interfaces/share/rms_interfaces/srv/ComponentError_Request.msg
[1.593s] -- Installing: /home/marcel/studies/2_sem_mgr/RPE_lab/EX5/ros2_ws/install/rms_interfaces/share/rms_interfaces/srv/ComponentError_Response.msg
[1.593s] -- Up-to-date: /home/marcel/studies/2_sem_mgr/RPE_lab/EX5/ros2_ws/install/rms_interfaces/share/ament_index/resource_index/package_run_dependencies/rms_interfaces
[1.593s] -- Up-to-date: /home/marcel/studies/2_sem_mgr/RPE_lab/EX5/ros2_ws/install/rms_interfaces/share/ament_index/resource_index/parent_prefix_path/rms_interfaces
[1.593s] -- Up-to-date: /home/marcel/studies/2_sem_mgr/RPE_lab/EX5/ros2_ws/install/rms_interfaces/share/rms_interfaces/environment/ament_prefix_path.sh
[1.593s] -- Installing: /home/marcel/studies/2_sem_mgr/RPE_lab/EX5/ros2_ws/install/rms_interfaces/share/rms_interfaces/environment/ament_prefix_path.dsv
[1.593s] -- Up-to-date: /home/marcel/studies/2_sem_mgr/RPE_lab/EX5/ros2_ws/install/rms_interfaces/share/rms_interfaces/environment/path.sh
[1.593s] -- Installing: /home/marcel/studies/2_sem_mgr/RPE_lab/EX5/ros2_ws/install/rms_interfaces/share/rms_interfaces/environment/path.dsv
[1.593s] -- Up-to-date: /home/marcel/studies/2_sem_mgr/RPE_lab/EX5/ros2_ws/install/rms_interfaces/share/rms_interfaces/local_setup.bash
[1.593s] -- Up-to-date: /home/marcel/studies/2_sem_mgr/RPE_lab/EX5/ros2_ws/install/rms_interfaces/share/rms_interfaces/local_setup.sh
[1.593s] -- Up-to-date: /home/marcel/studies/2_sem_mgr/RPE_lab/EX5/ros2_ws/install/rms_interfaces/share/rms_interfaces/local_setup.zsh
[1.593s] -- Installing: /home/marcel/studies/2_sem_mgr/RPE_lab/EX5/ros2_ws/install/rms_interfaces/share/rms_interfaces/local_setup.dsv
[1.593s] -- Installing: /home/marcel/studies/2_sem_mgr/RPE_lab/EX5/ros2_ws/install/rms_interfaces/share/rms_interfaces/package.dsv
[1.594s] -- Up-to-date: /home/marcel/studies/2_sem_mgr/RPE_lab/EX5/ros2_ws/install/rms_interfaces/share/ament_index/resource_index/packages/rms_interfaces
[1.594s] -- Up-to-date: /home/marcel/studies/2_sem_mgr/RPE_lab/EX5/ros2_ws/install/rms_interfaces/share/rms_interfaces/cmake/export_rms_interfaces__rosidl_generator_cExport.cmake
[1.594s] -- Up-to-date: /home/marcel/studies/2_sem_mgr/RPE_lab/EX5/ros2_ws/install/rms_interfaces/share/rms_interfaces/cmake/export_rms_interfaces__rosidl_generator_cExport-noconfig.cmake
[1.594s] -- Up-to-date: /home/marcel/studies/2_sem_mgr/RPE_lab/EX5/ros2_ws/install/rms_interfaces/share/rms_interfaces/cmake/export_rms_interfaces__rosidl_typesupport_fastrtps_cExport.cmake
[1.594s] -- Up-to-date: /home/marcel/studies/2_sem_mgr/RPE_lab/EX5/ros2_ws/install/rms_interfaces/share/rms_interfaces/cmake/export_rms_interfaces__rosidl_typesupport_fastrtps_cExport-noconfig.cmake
[1.594s] -- Up-to-date: /home/marcel/studies/2_sem_mgr/RPE_lab/EX5/ros2_ws/install/rms_interfaces/share/rms_interfaces/cmake/rms_interfaces__rosidl_typesupport_introspection_cExport.cmake
[1.594s] -- Up-to-date: /home/marcel/studies/2_sem_mgr/RPE_lab/EX5/ros2_ws/install/rms_interfaces/share/rms_interfaces/cmake/rms_interfaces__rosidl_typesupport_introspection_cExport-noconfig.cmake
[1.594s] -- Up-to-date: /home/marcel/studies/2_sem_mgr/RPE_lab/EX5/ros2_ws/install/rms_interfaces/share/rms_interfaces/cmake/rms_interfaces__rosidl_typesupport_cExport.cmake
[1.594s] -- Up-to-date: /home/marcel/studies/2_sem_mgr/RPE_lab/EX5/ros2_ws/install/rms_interfaces/share/rms_interfaces/cmake/rms_interfaces__rosidl_typesupport_cExport-noconfig.cmake
[1.594s] -- Up-to-date: /home/marcel/studies/2_sem_mgr/RPE_lab/EX5/ros2_ws/install/rms_interfaces/share/rms_interfaces/cmake/export_rms_interfaces__rosidl_generator_cppExport.cmake
[1.594s] -- Up-to-date: /home/marcel/studies/2_sem_mgr/RPE_lab/EX5/ros2_ws/install/rms_interfaces/share/rms_interfaces/cmake/export_rms_interfaces__rosidl_typesupport_fastrtps_cppExport.cmake
[1.594s] -- Up-to-date: /home/marcel/studies/2_sem_mgr/RPE_lab/EX5/ros2_ws/install/rms_interfaces/share/rms_interfaces/cmake/export_rms_interfaces__rosidl_typesupport_fastrtps_cppExport-noconfig.cmake
[1.594s] -- Up-to-date: /home/marcel/studies/2_sem_mgr/RPE_lab/EX5/ros2_ws/install/rms_interfaces/share/rms_interfaces/cmake/rms_interfaces__rosidl_typesupport_introspection_cppExport.cmake
[1.594s] -- Up-to-date: /home/marcel/studies/2_sem_mgr/RPE_lab/EX5/ros2_ws/install/rms_interfaces/share/rms_interfaces/cmake/rms_interfaces__rosidl_typesupport_introspection_cppExport-noconfig.cmake
[1.594s] -- Up-to-date: /home/marcel/studies/2_sem_mgr/RPE_lab/EX5/ros2_ws/install/rms_interfaces/share/rms_interfaces/cmake/rms_interfaces__rosidl_typesupport_cppExport.cmake
[1.594s] -- Up-to-date: /home/marcel/studies/2_sem_mgr/RPE_lab/EX5/ros2_ws/install/rms_interfaces/share/rms_interfaces/cmake/rms_interfaces__rosidl_typesupport_cppExport-noconfig.cmake
[1.594s] -- Up-to-date: /home/marcel/studies/2_sem_mgr/RPE_lab/EX5/ros2_ws/install/rms_interfaces/share/rms_interfaces/cmake/export_rms_interfaces__rosidl_generator_pyExport.cmake
[1.594s] -- Up-to-date: /home/marcel/studies/2_sem_mgr/RPE_lab/EX5/ros2_ws/install/rms_interfaces/share/rms_interfaces/cmake/export_rms_interfaces__rosidl_generator_pyExport-noconfig.cmake
[1.594s] -- Up-to-date: /home/marcel/studies/2_sem_mgr/RPE_lab/EX5/ros2_ws/install/rms_interfaces/share/rms_interfaces/cmake/rosidl_cmake-extras.cmake
[1.594s] -- Up-to-date: /home/marcel/studies/2_sem_mgr/RPE_lab/EX5/ros2_ws/install/rms_interfaces/share/rms_interfaces/cmake/ament_cmake_export_include_directories-extras.cmake
[1.594s] -- Up-to-date: /home/marcel/studies/2_sem_mgr/RPE_lab/EX5/ros2_ws/install/rms_interfaces/share/rms_interfaces/cmake/ament_cmake_export_libraries-extras.cmake
[1.595s] -- Up-to-date: /home/marcel/studies/2_sem_mgr/RPE_lab/EX5/ros2_ws/install/rms_interfaces/share/rms_interfaces/cmake/ament_cmake_export_targets-extras.cmake
[1.595s] -- Up-to-date: /home/marcel/studies/2_sem_mgr/RPE_lab/EX5/ros2_ws/install/rms_interfaces/share/rms_interfaces/cmake/rosidl_cmake_export_typesupport_targets-extras.cmake
[1.595s] -- Up-to-date: /home/marcel/studies/2_sem_mgr/RPE_lab/EX5/ros2_ws/install/rms_interfaces/share/rms_interfaces/cmake/ament_cmake_export_dependencies-extras.cmake
[1.595s] -- Up-to-date: /home/marcel/studies/2_sem_mgr/RPE_lab/EX5/ros2_ws/install/rms_interfaces/share/rms_interfaces/cmake/rosidl_cmake_export_typesupport_libraries-extras.cmake
[1.595s] -- Up-to-date: /home/marcel/studies/2_sem_mgr/RPE_lab/EX5/ros2_ws/install/rms_interfaces/share/rms_interfaces/cmake/rms_interfacesConfig.cmake
[1.595s] -- Up-to-date: /home/marcel/studies/2_sem_mgr/RPE_lab/EX5/ros2_ws/install/rms_interfaces/share/rms_interfaces/cmake/rms_interfacesConfig-version.cmake
[1.595s] -- Up-to-date: /home/marcel/studies/2_sem_mgr/RPE_lab/EX5/ros2_ws/install/rms_interfaces/share/rms_interfaces/package.xml
[1.596s] Invoked command in '/home/marcel/studies/2_sem_mgr/RPE_lab/EX5/ros2_ws/build/rms_interfaces' returned '0': CMAKE_PREFIX_PATH=/home/marcel/studies/2_sem_mgr/RPE_lab/EX5/ros2_ws/install/rms_package:/home/marcel/studies/2_sem_mgr/RPE_lab/EX4/ros2_ws/install/signalPackage:/home/marcel/ros2_ws/install/my_robot_controller:/opt/ros/humble /usr/bin/cmake --install /home/marcel/studies/2_sem_mgr/RPE_lab/EX5/ros2_ws/build/rms_interfaces
